Log file open, 11/01/20 18:11:56
LogInit: Display: Running engine for game: Proto01
LogPlatformFile: Not using cached read wrapper
LogTaskGraph: Started task graph with 5 named threads and 23 total threads with 3 sets of task threads.
LogStats: Stats thread started at 0.213711
LogD3D11RHI: Loaded GFSDK_Aftermath_Lib.x64.dll
LogICUInternationalization: ICU TimeZone Detection - Raw Offset: -8:00, Platform Override: ''
LogPluginManager: Mounting plugin Paper2D
LogPluginManager: Mounting plugin AISupport
LogPluginManager: Mounting plugin LightPropagationVolume
LogPluginManager: Mounting plugin CameraShakePreviewer
LogPluginManager: Mounting plugin ActorLayerUtilities
LogPluginManager: Mounting plugin AnimationSharing
LogPluginManager: Mounting plugin CLionSourceCodeAccess
LogPluginManager: Mounting plugin CodeLiteSourceCodeAccess
LogPluginManager: Mounting plugin GitSourceControl
LogPluginManager: Mounting plugin KDevelopSourceCodeAccess
LogPluginManager: Mounting plugin NullSourceCodeAccess
LogPluginManager: Mounting plugin PerforceSourceControl
LogPluginManager: Mounting plugin PlasticSourceControl
LogPluginManager: Mounting plugin RiderSourceCodeAccess
LogPluginManager: Mounting plugin SubversionSourceControl
LogPluginManager: Mounting plugin UObjectPlugin
LogPluginManager: Mounting plugin VisualStudioCodeSourceCodeAccess
LogPluginManager: Mounting plugin VisualStudioSourceCodeAccess
LogPluginManager: Mounting plugin XCodeSourceCodeAccess
LogPluginManager: Mounting plugin AssetManagerEditor
LogPluginManager: Mounting plugin CryptoKeys
LogPluginManager: Mounting plugin CurveEditorTools
LogPluginManager: Mounting plugin DataValidation
LogPluginManager: Mounting plugin EditorScriptingUtilities
LogPluginManager: Mounting plugin FacialAnimation
LogPluginManager: Mounting plugin GameplayTagsEditor
LogPluginManager: Mounting plugin GeometryMode
LogPluginManager: Mounting plugin MacGraphicsSwitching
LogPluginManager: Mounting plugin MaterialAnalyzer
LogPluginManager: Mounting plugin MobileLauncherProfileWizard
LogPluginManager: Mounting plugin PluginBrowser
LogPluginManager: Mounting plugin SpeedTreeImporter
LogPluginManager: Mounting plugin DatasmithContent
LogPluginManager: Mounting plugin VariantManagerContent
LogPluginManager: Mounting plugin AlembicImporter
LogPluginManager: Mounting plugin AutomationUtils
LogPluginManager: Mounting plugin BackChannel
LogPluginManager: Mounting plugin ChaosCloth
LogPluginManager: Mounting plugin ChaosClothEditor
LogPluginManager: Mounting plugin ChaosEditor
LogPluginManager: Mounting plugin ChaosNiagara
LogPluginManager: Mounting plugin ChaosSolverPlugin
LogPluginManager: Mounting plugin CharacterAI
LogPluginManager: Mounting plugin GeometryCache
LogPluginManager: Mounting plugin GeometryCollectionPlugin
LogPluginManager: Mounting plugin GeometryProcessing
LogPluginManager: Mounting plugin PlanarCut
LogPluginManager: Mounting plugin PlatformCrypto
LogPluginManager: Mounting plugin ProxyLODPlugin
LogPluginManager: Mounting plugin SkeletalReduction
LogPluginManager: Mounting plugin Niagara
LogPluginManager: Mounting plugin MagicLeap
LogPluginManager: Mounting plugin MagicLeapLightEstimation
LogPluginManager: Mounting plugin MagicLeapMedia
LogPluginManager: Mounting plugin MagicLeapPassableWorld
LogPluginManager: Mounting plugin MLSDK
LogPluginManager: Mounting plugin AndroidMedia
LogPluginManager: Mounting plugin AvfMedia
LogPluginManager: Mounting plugin ImgMedia
LogPluginManager: Mounting plugin MediaCompositing
LogPluginManager: Mounting plugin MediaPlayerEditor
LogPluginManager: Mounting plugin WebMMedia
LogPluginManager: Mounting plugin WmfMedia
LogPluginManager: Mounting plugin MeshPainting
LogPluginManager: Mounting plugin TcpMessaging
LogPluginManager: Mounting plugin UdpMessaging
LogPluginManager: Mounting plugin ActorSequence
LogPluginManager: Mounting plugin LevelSequenceEditor
LogPluginManager: Mounting plugin MatineeToLevelSequence
LogPluginManager: Mounting plugin MovieRenderPipeline
LogPluginManager: Mounting plugin TemplateSequence
LogPluginManager: Mounting plugin NetcodeUnitTest
LogPluginManager: Mounting plugin NUTUnrealEngine4
LogPluginManager: Mounting plugin OnlineSubsystemGooglePlay
LogPluginManager: Mounting plugin OnlineSubsystemIOS
LogPluginManager: Mounting plugin OnlineSubsystem
LogPluginManager: Mounting plugin OnlineSubsystemNull
LogPluginManager: Mounting plugin OnlineSubsystemUtils
LogPluginManager: Mounting plugin LauncherChunkInstaller
LogPluginManager: Mounting plugin AndroidDeviceProfileSelector
LogPluginManager: Mounting plugin AndroidMoviePlayer
LogPluginManager: Mounting plugin AndroidPermission
LogPluginManager: Mounting plugin AppleImageUtils
LogPluginManager: Mounting plugin AppleMoviePlayer
LogPluginManager: Mounting plugin ArchVisCharacter
LogPluginManager: Mounting plugin AssetTags
LogPluginManager: Mounting plugin AudioCapture
LogPluginManager: Mounting plugin CableComponent
LogPluginManager: Mounting plugin CustomMeshComponent
LogPluginManager: Mounting plugin EditableMesh
LogPluginManager: Mounting plugin ExampleDeviceProfileSelector
LogPluginManager: Mounting plugin GoogleCloudMessaging
LogPluginManager: Mounting plugin GooglePAD
LogPluginManager: Mounting plugin IOSDeviceProfileSelector
LogPluginManager: Mounting plugin LinuxDeviceProfileSelector
LogPluginManager: Mounting plugin LocationServicesBPLibrary
LogPluginManager: Mounting plugin MobilePatchingUtils
LogPluginManager: Mounting plugin OculusVR
LogPluginManager: Mounting plugin PhysXVehicles
LogPluginManager: Mounting plugin PostSplashScreen
LogPluginManager: Mounting plugin ProceduralMeshComponent
LogPluginManager: Mounting plugin RuntimePhysXCooking
LogPluginManager: Mounting plugin SignificanceManager
LogPluginManager: Mounting plugin SoundFields
LogPluginManager: Mounting plugin SteamVR
LogPluginManager: Mounting plugin Synthesis
LogPluginManager: Mounting plugin WebMMoviePlayer
LogPluginManager: Mounting plugin WindowsMoviePlayer
LogPluginManager: Mounting plugin ScreenshotTools
Launching UnrealBuildTool... [C:/Program Files/Epic Games/UE_4.25/Engine/Binaries/DotNET/UnrealBuildTool.exe -Mode=QueryTargets -Project="C:/Users/Warner/Desktop/170Proto/Proto01/Proto01.uproject" -Output="C:/Users/Warner/Desktop/170Proto/Proto01/Intermediate/TargetInfo.json"]
LogInit: Warning: Incompatible or missing module: Proto01
Running C:/Program Files/Epic Games/UE_4.25/Engine/Binaries/DotNET/UnrealBuildTool.exe Development Win64 -Project="C:/Users/Warner/Desktop/170Proto/Proto01/Proto01.uproject" -TargetType=Editor -Progress -NoEngineChanges -NoHotReloadFromIDE
Using 'git status' to determine working set for adaptive non-unity build (C:\Users\Warner\Desktop\170Proto).
Creating makefile for Proto01Editor (.uproject file is newer)
@progress push 5%
Parsing headers for Proto01Editor
  Running UnrealHeaderTool "C:\Users\Warner\Desktop\170Proto\Proto01\Proto01.uproject" "C:\Users\Warner\Desktop\170Proto\Proto01\Intermediate\Build\Win64\Proto01Editor\Development\Proto01Editor.uhtmanifest" -LogCmds="loginit warning, logexit warning, logdatabase error" -Unattended -WarningsAsErrors -abslog="C:\Users\Warner\AppData\Local\UnrealBuildTool\Log_UHT.txt" -installed
Reflection code generated for Proto01Editor in 45.0266018 seconds
@progress pop
Building Proto01Editor...
Using Visual Studio 2019 14.26.28806 toolchain (C:\Program Files (x86)\Microsoft Visual Studio\2019\Community\VC\Tools\MSVC\14.26.28801) and Windows 10.0.18362.0 SDK (C:\Program Files (x86)\Windows Kits\10).
Building 14 actions with 8 processes...
  @progress 'Compiling C++ source code...' 0%
  @progress 'Compiling C++ source code...' 7%
  [1/14] SharedPCH.Engine.ShadowErrors.cpp
  @progress 'Compiling C++ source code...' 14%
  [2/14] Proto01.init.gen.cpp
  @progress 'Compiling C++ source code...' 21%
  [3/14] Proto01GameMode.cpp
  @progress 'Compiling C++ source code...' 29%
  [4/14] Proto01Projectile.cpp
  @progress 'Compiling C++ source code...' 36%
  [5/14] Proto01HUD.cpp
  @progress 'Compiling C++ source code...' 43%
  [6/14] Proto01GameMode.gen.cpp
  @progress 'Compiling C++ source code...' 50%
  [7/14] Proto01Character.gen.cpp
  @progress 'Compiling C++ source code...' 57%
  [8/14] Proto01HUD.gen.cpp
  @progress 'Compiling C++ source code...' 64%
  [9/14] Proto01Projectile.gen.cpp
  @progress 'Compiling C++ source code...' 71%
  [10/14] Proto01.cpp
  @progress 'Compiling C++ source code...' 79%
  [11/14] Proto01Character.cpp
  @progress 'Compiling C++ source code...' 86%
  [12/14] UE4Editor-Proto01.lib
     Creating library C:\Users\Warner\Desktop\170Proto\Proto01\Intermediate\Build\Win64\UE4Editor\Development\Proto01\UE4Editor-Proto01.lib and object C:\Users\Warner\Desktop\170Proto\Proto01\Intermediate\Build\Win64\UE4Editor\Development\Proto01\UE4Editor-Proto01.exp
  @progress 'Compiling C++ source code...' 93%
  [13/14] UE4Editor-Proto01.dll
     Creating library C:\Users\Warner\Desktop\170Proto\Proto01\Intermediate\Build\Win64\UE4Editor\Development\Proto01\UE4Editor-Proto01.suppressed.lib and object C:\Users\Warner\Desktop\170Proto\Proto01\Intermediate\Build\Win64\UE4Editor\Development\Proto01\UE4Editor-Proto01.suppressed.exp
  @progress 'Compiling C++ source code...' 100%
  [14/14] Proto01Editor.target
Total time in Parallel executor: 77.29 seconds
Total execution time: 125.47 seconds
LogInit: Using libcurl 7.55.1-DEV
LogInit:  - built for x86_64-pc-win32
LogInit:  - supports SSL with OpenSSL/1.1.1
LogInit:  - supports HTTP deflate (compression) using libz 1.2.8
LogInit:  - other features:
LogInit:      CURL_VERSION_SSL
LogInit:      CURL_VERSION_LIBZ
LogInit:      CURL_VERSION_IPV6
LogInit:      CURL_VERSION_ASYNCHDNS
LogInit:      CURL_VERSION_LARGEFILE
LogInit:      CURL_VERSION_IDN
LogInit:  CurlRequestOptions (configurable via config and command line):
LogInit:  - bVerifyPeer = true  - Libcurl will verify peer certificate
LogInit:  - bUseHttpProxy = false  - Libcurl will NOT use HTTP proxy
LogInit:  - bDontReuseConnections = false  - Libcurl will reuse connections
LogInit:  - MaxHostConnections = 16  - Libcurl will limit the number of connections to a host
LogInit:  - LocalHostAddr = Default
LogInit:  - BufferSize = 65536
LogOnline: OSS: Creating online subsystem instance for: NULL
LogInit: WinSock: version 1.1 (2.2), MaxSocks=32767, MaxUdp=65467
LogOnline: OSS: TryLoadSubsystemAndSetDefault: Loaded subsystem for module [NULL]
LogInit: Build: ++UE4+Release-4.25-CL-13942748
LogInit: Engine Version: 4.25.3-13942748+++UE4+Release-4.25
LogInit: Compatible Engine Version: 4.25.0-13144385+++UE4+Release-4.25
LogInit: Net CL: 13144385
LogInit: OS: Windows 10 (Release 1903) (), CPU: Intel(R) Core(TM) i7-4710MQ CPU @ 2.50GHz, GPU: Intel(R) HD Graphics 4600
LogInit: Compiled (64-bit): Jul 25 2020 02:07:48
LogInit: Compiled with Visual C++: 19.24.28315.00
LogInit: Build Configuration: Development
LogInit: Branch Name: ++UE4+Release-4.25
LogInit: Command Line: 
LogInit: Base Directory: C:/Program Files/Epic Games/UE_4.25/Engine/Binaries/Win64/
LogInit: Allocator: TBB
LogInit: Installed Engine Build: 1
LogDevObjectVersion: Number of dev versions registered: 26
LogDevObjectVersion:   Dev-Blueprints (B0D832E4-1F89-4F0D-ACCF-7EB736FD4AA2): 10
LogDevObjectVersion:   Dev-Build (E1C64328-A22C-4D53-A36C-8E866417BD8C): 0
LogDevObjectVersion:   Dev-Core (375EC13C-06E4-48FB-B500-84F0262A717E): 4
LogDevObjectVersion:   Dev-Editor (E4B068ED-F494-42E9-A231-DA0B2E46BB41): 38
LogDevObjectVersion:   Dev-Framework (CFFC743F-43B0-4480-9391-14DF171D2073): 37
LogDevObjectVersion:   Dev-Mobile (B02B49B5-BB20-44E9-A304-32B752E40360): 2
LogDevObjectVersion:   Dev-Networking (A4E4105C-59A1-49B5-A7C5-40C4547EDFEE): 0
LogDevObjectVersion:   Dev-Online (39C831C9-5AE6-47DC-9A44-9C173E1C8E7C): 0
LogDevObjectVersion:   Dev-Physics (78F01B33-EBEA-4F98-B9B4-84EACCB95AA2): 4
LogDevObjectVersion:   Dev-Platform (6631380F-2D4D-43E0-8009-CF276956A95A): 0
LogDevObjectVersion:   Dev-Rendering (12F88B9F-8875-4AFC-A67C-D90C383ABD29): 43
LogDevObjectVersion:   Dev-Sequencer (7B5AE74C-D270-4C10-A958-57980B212A5A): 12
LogDevObjectVersion:   Dev-VR (D7296918-1DD6-4BDD-9DE2-64A83CC13884): 3
LogDevObjectVersion:   Dev-LoadTimes (C2A15278-BFE7-4AFE-6C17-90FF531DF755): 1
LogDevObjectVersion:   Private-Geometry (6EACA3D4-40EC-4CC1-B786-8BED09428FC5): 3
LogDevObjectVersion:   Dev-AnimPhys (29E575DD-E0A3-4627-9D10-D276232CDCEA): 17
LogDevObjectVersion:   Dev-Anim (AF43A65D-7FD3-4947-9873-3E8ED9C1BB05): 7
LogDevObjectVersion:   Dev-ReflectionCapture (6B266CEC-1EC7-4B8F-A30B-E4D90942FC07): 1
LogDevObjectVersion:   Dev-Automation (0DF73D61-A23F-47EA-B727-89E90C41499A): 1
LogDevObjectVersion:   FortniteMain (601D1886-AC64-4F84-AA16-D3DE0DEAC7D6): 31
LogDevObjectVersion:   Dev-Enterprise (9DFFBCD6-494F-0158-E221-12823C92A888): 10
LogDevObjectVersion:   Dev-Niagara (F2AED0AC-9AFE-416F-8664-AA7FFA26D6FC): 1
LogDevObjectVersion:   Dev-Destruction (174F1F0B-B4C6-45A5-B13F-2EE8D0FB917D): 10
LogDevObjectVersion:   Dev-Physics-Ext (35F94A83-E258-406C-A318-09F59610247C): 37
LogDevObjectVersion:   Dev-PhysicsMaterial-Chaos (B68FC16E-8B1B-42E2-B453-215C058844FE): 1
LogDevObjectVersion:   Dev-CineCamera (B2E18506-4273-CFC2-A54E-F4BB758BBA07): 1
LogInit: Presizing for max 25165824 objects, including 0 objects not considered by GC, pre-allocating 0 bytes for permanent pool.
LogConfig: Applying CVar settings from Section [/Script/Engine.StreamingSettings] File [C:/Users/Warner/Desktop/170Proto/Proto01/Saved/Config/Windows/Engine.ini]
LogConfig: Setting CVar [[s.MinBulkDataSizeForAsyncLoading:131072]]
LogConfig: Setting CVar [[s.AsyncLoadingThreadEnabled:0]]
LogConfig: Setting CVar [[s.EventDrivenLoaderEnabled:1]]
LogConfig: Setting CVar [[s.WarnIfTimeLimitExceeded:0]]
LogConfig: Setting CVar [[s.TimeLimitExceededMultiplier:1.5]]
LogConfig: Setting CVar [[s.TimeLimitExceededMinTime:0.005]]
LogConfig: Setting CVar [[s.UseBackgroundLevelStreaming:1]]
LogConfig: Setting CVar [[s.PriorityAsyncLoadingExtraTime:15.0]]
LogConfig: Setting CVar [[s.LevelStreamingActorsUpdateTimeLimit:5.0]]
LogConfig: Setting CVar [[s.PriorityLevelStreamingActorsUpdateExtraTime:5.0]]
LogConfig: Setting CVar [[s.LevelStreamingComponentsRegistrationGranularity:10]]
LogConfig: Setting CVar [[s.UnregisterComponentsTimeLimit:1.0]]
LogConfig: Setting CVar [[s.LevelStreamingComponentsUnregistrationGranularity:5]]
LogConfig: Setting CVar [[s.FlushStreamingOnExit:1]]
LogInit: Object subsystem initialized
LogConfig: Setting CVar [[con.DebugEarlyDefault:1]]
LogConfig: Setting CVar [[r.setres:1280x720]]
[2020.11.02-02.14.06:304][  0]LogConfig: Setting CVar [[r.VSync:0]]
[2020.11.02-02.14.06:304][  0]LogConfig: Setting CVar [[r.RHICmdBypass:0]]
[2020.11.02-02.14.06:304][  0]LogConfig: Applying CVar settings from Section [/Script/Engine.RendererSettings] File [C:/Users/Warner/Desktop/170Proto/Proto01/Saved/Config/Windows/Engine.ini]
[2020.11.02-02.14.06:304][  0]LogConfig: Setting CVar [[r.GPUCrashDebugging:0]]
[2020.11.02-02.14.06:304][  0]LogConfig: Applying CVar settings from Section [/Script/Engine.RendererOverrideSettings] File [C:/Users/Warner/Desktop/170Proto/Proto01/Saved/Config/Windows/Engine.ini]
[2020.11.02-02.14.06:304][  0]LogConfig: Applying CVar settings from Section [/Script/Engine.StreamingSettings] File [C:/Users/Warner/Desktop/170Proto/Proto01/Saved/Config/Windows/Engine.ini]
[2020.11.02-02.14.06:304][  0]LogConfig: Setting CVar [[s.MinBulkDataSizeForAsyncLoading:131072]]
[2020.11.02-02.14.06:304][  0]LogConfig: Setting CVar [[s.AsyncLoadingThreadEnabled:0]]
[2020.11.02-02.14.06:304][  0]LogConfig: Setting CVar [[s.EventDrivenLoaderEnabled:1]]
[2020.11.02-02.14.06:304][  0]LogConfig: Setting CVar [[s.WarnIfTimeLimitExceeded:0]]
[2020.11.02-02.14.06:304][  0]LogConfig: Setting CVar [[s.TimeLimitExceededMultiplier:1.5]]
[2020.11.02-02.14.06:304][  0]LogConfig: Setting CVar [[s.TimeLimitExceededMinTime:0.005]]
[2020.11.02-02.14.06:304][  0]LogConfig: Setting CVar [[s.UseBackgroundLevelStreaming:1]]
[2020.11.02-02.14.06:304][  0]LogConfig: Setting CVar [[s.PriorityAsyncLoadingExtraTime:15.0]]
[2020.11.02-02.14.06:304][  0]LogConfig: Setting CVar [[s.LevelStreamingActorsUpdateTimeLimit:5.0]]
[2020.11.02-02.14.06:304][  0]LogConfig: Setting CVar [[s.PriorityLevelStreamingActorsUpdateExtraTime:5.0]]
[2020.11.02-02.14.06:304][  0]LogConfig: Setting CVar [[s.LevelStreamingComponentsRegistrationGranularity:10]]
[2020.11.02-02.14.06:304][  0]LogConfig: Setting CVar [[s.UnregisterComponentsTimeLimit:1.0]]
[2020.11.02-02.14.06:304][  0]LogConfig: Setting CVar [[s.LevelStreamingComponentsUnregistrationGranularity:5]]
[2020.11.02-02.14.06:304][  0]LogConfig: Setting CVar [[s.FlushStreamingOnExit:1]]
[2020.11.02-02.14.06:304][  0]LogConfig: Applying CVar settings from Section [/Script/Engine.GarbageCollectionSettings] File [C:/Users/Warner/Desktop/170Proto/Proto01/Saved/Config/Windows/Engine.ini]
[2020.11.02-02.14.06:304][  0]LogConfig: Setting CVar [[gc.MaxObjectsNotConsideredByGC:1]]
[2020.11.02-02.14.06:304][  0]LogConfig: Setting CVar [[gc.SizeOfPermanentObjectPool:0]]
[2020.11.02-02.14.06:304][  0]LogConfig: Setting CVar [[gc.FlushStreamingOnGC:0]]
[2020.11.02-02.14.06:304][  0]LogConfig: Setting CVar [[gc.NumRetriesBeforeForcingGC:10]]
[2020.11.02-02.14.06:304][  0]LogConfig: Setting CVar [[gc.AllowParallelGC:1]]
[2020.11.02-02.14.06:304][  0]LogConfig: Setting CVar [[gc.TimeBetweenPurgingPendingKillObjects:61.1]]
[2020.11.02-02.14.06:304][  0]LogConfig: Setting CVar [[gc.MaxObjectsInEditor:25165824]]
[2020.11.02-02.14.06:304][  0]LogConfig: Setting CVar [[gc.IncrementalBeginDestroyEnabled:1]]
[2020.11.02-02.14.06:304][  0]LogConfig: Setting CVar [[gc.CreateGCClusters:1]]
[2020.11.02-02.14.06:304][  0]LogConfig: Setting CVar [[gc.MinGCClusterSize:5]]
[2020.11.02-02.14.06:304][  0]LogConfig: Setting CVar [[gc.ActorClusteringEnabled:0]]
[2020.11.02-02.14.06:304][  0]LogConfig: Setting CVar [[gc.BlueprintClusteringEnabled:0]]
[2020.11.02-02.14.06:304][  0]LogConfig: Setting CVar [[gc.UseDisregardForGCOnDedicatedServers:0]]
[2020.11.02-02.14.06:304][  0]LogConfig: Applying CVar settings from Section [/Script/Engine.NetworkSettings] File [C:/Users/Warner/Desktop/170Proto/Proto01/Saved/Config/Windows/Engine.ini]
[2020.11.02-02.14.06:304][  0]LogConfig: Applying CVar settings from Section [/Script/UnrealEd.CookerSettings] File [C:/Users/Warner/Desktop/170Proto/Proto01/Saved/Config/Windows/Engine.ini]
[2020.11.02-02.14.06:307][  0]LogConfig: Applying CVar settings from Section [ViewDistanceQuality@3] File [C:/Users/Warner/Desktop/170Proto/Proto01/Saved/Config/Windows/Scalability.ini]
[2020.11.02-02.14.06:307][  0]LogConfig: Setting CVar [[r.SkeletalMeshLODBias:0]]
[2020.11.02-02.14.06:307][  0]LogConfig: Setting CVar [[r.ViewDistanceScale:1.0]]
[2020.11.02-02.14.06:307][  0]LogConfig: Applying CVar settings from Section [AntiAliasingQuality@3] File [C:/Users/Warner/Desktop/170Proto/Proto01/Saved/Config/Windows/Scalability.ini]
[2020.11.02-02.14.06:307][  0]LogConfig: Setting CVar [[r.PostProcessAAQuality:4]]
[2020.11.02-02.14.06:307][  0]LogConfig: Applying CVar settings from Section [ShadowQuality@3] File [C:/Users/Warner/Desktop/170Proto/Proto01/Saved/Config/Windows/Scalability.ini]
[2020.11.02-02.14.06:307][  0]LogConfig: Setting CVar [[r.LightFunctionQuality:1]]
[2020.11.02-02.14.06:307][  0]LogConfig: Setting CVar [[r.ShadowQuality:5]]
[2020.11.02-02.14.06:307][  0]LogConfig: Setting CVar [[r.Shadow.CSM.MaxCascades:10]]
[2020.11.02-02.14.06:307][  0]LogConfig: Setting CVar [[r.Shadow.MaxResolution:2048]]
[2020.11.02-02.14.06:307][  0]LogConfig: Setting CVar [[r.Shadow.MaxCSMResolution:2048]]
[2020.11.02-02.14.06:307][  0]LogConfig: Setting CVar [[r.Shadow.RadiusThreshold:0.01]]
[2020.11.02-02.14.06:307][  0]LogConfig: Setting CVar [[r.Shadow.DistanceScale:1.0]]
[2020.11.02-02.14.06:307][  0]LogConfig: Setting CVar [[r.Shadow.CSM.TransitionScale:1.0]]
[2020.11.02-02.14.06:307][  0]LogConfig: Setting CVar [[r.Shadow.PreShadowResolutionFactor:1.0]]
[2020.11.02-02.14.06:307][  0]LogConfig: Setting CVar [[r.DistanceFieldShadowing:1]]
[2020.11.02-02.14.06:307][  0]LogConfig: Setting CVar [[r.DistanceFieldAO:1]]
[2020.11.02-02.14.06:307][  0]LogConfig: Setting CVar [[r.AOQuality:2]]
[2020.11.02-02.14.06:307][  0]LogConfig: Setting CVar [[r.VolumetricFog:1]]
[2020.11.02-02.14.06:307][  0]LogConfig: Setting CVar [[r.VolumetricFog.GridPixelSize:8]]
[2020.11.02-02.14.06:307][  0]LogConfig: Setting CVar [[r.VolumetricFog.GridSizeZ:128]]
[2020.11.02-02.14.06:307][  0]LogConfig: Setting CVar [[r.VolumetricFog.HistoryMissSupersampleCount:4]]
[2020.11.02-02.14.06:307][  0]LogConfig: Setting CVar [[r.LightMaxDrawDistanceScale:1]]
[2020.11.02-02.14.06:307][  0]LogConfig: Setting CVar [[r.CapsuleShadows:1]]
[2020.11.02-02.14.06:307][  0]LogConfig: Applying CVar settings from Section [PostProcessQuality@3] File [C:/Users/Warner/Desktop/170Proto/Proto01/Saved/Config/Windows/Scalability.ini]
[2020.11.02-02.14.06:307][  0]LogConfig: Setting CVar [[r.MotionBlurQuality:4]]
[2020.11.02-02.14.06:308][  0]LogConfig: Setting CVar [[r.AmbientOcclusionMipLevelFactor:0.4]]
[2020.11.02-02.14.06:308][  0]LogConfig: Setting CVar [[r.AmbientOcclusionMaxQuality:100]]
[2020.11.02-02.14.06:308][  0]LogConfig: Setting CVar [[r.AmbientOcclusionLevels:-1]]
[2020.11.02-02.14.06:308][  0]LogConfig: Setting CVar [[r.AmbientOcclusionRadiusScale:1.0]]
[2020.11.02-02.14.06:308][  0]LogConfig: Setting CVar [[r.DepthOfFieldQuality:2]]
[2020.11.02-02.14.06:308][  0]LogConfig: Setting CVar [[r.RenderTargetPoolMin:400]]
[2020.11.02-02.14.06:308][  0]LogConfig: Setting CVar [[r.LensFlareQuality:2]]
[2020.11.02-02.14.06:308][  0]LogConfig: Setting CVar [[r.SceneColorFringeQuality:1]]
[2020.11.02-02.14.06:308][  0]LogConfig: Setting CVar [[r.EyeAdaptationQuality:2]]
[2020.11.02-02.14.06:308][  0]LogConfig: Setting CVar [[r.BloomQuality:5]]
[2020.11.02-02.14.06:308][  0]LogConfig: Setting CVar [[r.FastBlurThreshold:100]]
[2020.11.02-02.14.06:308][  0]LogConfig: Setting CVar [[r.Upscale.Quality:3]]
[2020.11.02-02.14.06:308][  0]LogConfig: Setting CVar [[r.Tonemapper.GrainQuantization:1]]
[2020.11.02-02.14.06:308][  0]LogConfig: Setting CVar [[r.LightShaftQuality:1]]
[2020.11.02-02.14.06:308][  0]LogConfig: Setting CVar [[r.Filter.SizeScale:1]]
[2020.11.02-02.14.06:308][  0]LogConfig: Setting CVar [[r.Tonemapper.Quality:5]]
[2020.11.02-02.14.06:308][  0]LogConfig: Setting CVar [[r.DOF.Gather.AccumulatorQuality:1        ; higher gathering accumulator quality]]
[2020.11.02-02.14.06:308][  0]LogConfig: Setting CVar [[r.DOF.Gather.PostfilterMethod:1          ; Median3x3 postfilering method]]
[2020.11.02-02.14.06:308][  0]LogConfig: Setting CVar [[r.DOF.Gather.EnableBokehSettings:0       ; no bokeh simulation when gathering]]
[2020.11.02-02.14.06:308][  0]LogConfig: Setting CVar [[r.DOF.Gather.RingCount:4                 ; medium number of samples when gathering]]
[2020.11.02-02.14.06:308][  0]LogConfig: Setting CVar [[r.DOF.Scatter.ForegroundCompositing:1    ; additive foreground scattering]]
[2020.11.02-02.14.06:308][  0]LogConfig: Setting CVar [[r.DOF.Scatter.BackgroundCompositing:2    ; additive background scattering]]
[2020.11.02-02.14.06:308][  0]LogConfig: Setting CVar [[r.DOF.Scatter.EnableBokehSettings:1      ; bokeh simulation when scattering]]
[2020.11.02-02.14.06:308][  0]LogConfig: Setting CVar [[r.DOF.Scatter.MaxSpriteRatio:0.1         ; only a maximum of 10% of scattered bokeh]]
[2020.11.02-02.14.06:308][  0]LogConfig: Setting CVar [[r.DOF.Recombine.Quality:1                ; cheap slight out of focus]]
[2020.11.02-02.14.06:308][  0]LogConfig: Setting CVar [[r.DOF.Recombine.EnableBokehSettings:0    ; no bokeh simulation on slight out of focus]]
[2020.11.02-02.14.06:308][  0]LogConfig: Setting CVar [[r.DOF.TemporalAAQuality:1                ; more stable temporal accumulation]]
[2020.11.02-02.14.06:308][  0]LogConfig: Setting CVar [[r.DOF.Kernel.MaxForegroundRadius:0.025]]
[2020.11.02-02.14.06:308][  0]LogConfig: Setting CVar [[r.DOF.Kernel.MaxBackgroundRadius:0.025]]
[2020.11.02-02.14.06:308][  0]LogConfig: Applying CVar settings from Section [TextureQuality@3] File [C:/Users/Warner/Desktop/170Proto/Proto01/Saved/Config/Windows/Scalability.ini]
[2020.11.02-02.14.06:308][  0]LogConfig: Setting CVar [[r.Streaming.MipBias:0]]
[2020.11.02-02.14.06:308][  0]LogConfig: Setting CVar [[r.Streaming.AmortizeCPUToGPUCopy:0]]
[2020.11.02-02.14.06:308][  0]LogConfig: Setting CVar [[r.Streaming.MaxNumTexturesToStreamPerFrame:0]]
[2020.11.02-02.14.06:308][  0]LogConfig: Setting CVar [[r.Streaming.Boost:1]]
[2020.11.02-02.14.06:308][  0]LogConfig: Setting CVar [[r.MaxAnisotropy:8]]
[2020.11.02-02.14.06:308][  0]LogConfig: Setting CVar [[r.VT.MaxAnisotropy:8]]
[2020.11.02-02.14.06:308][  0]LogConfig: Setting CVar [[r.Streaming.LimitPoolSizeToVRAM:0]]
[2020.11.02-02.14.06:308][  0]LogConfig: Setting CVar [[r.Streaming.PoolSize:1000]]
[2020.11.02-02.14.06:308][  0]LogConfig: Setting CVar [[r.Streaming.MaxEffectiveScreenSize:0]]
[2020.11.02-02.14.06:308][  0]LogConfig: Applying CVar settings from Section [EffectsQuality@3] File [C:/Users/Warner/Desktop/170Proto/Proto01/Saved/Config/Windows/Scalability.ini]
[2020.11.02-02.14.06:308][  0]LogConfig: Setting CVar [[r.TranslucencyLightingVolumeDim:64]]
[2020.11.02-02.14.06:308][  0]LogConfig: Setting CVar [[r.RefractionQuality:2]]
[2020.11.02-02.14.06:308][  0]LogConfig: Setting CVar [[r.SSR.Quality:3]]
[2020.11.02-02.14.06:308][  0]LogConfig: Setting CVar [[r.SSR.HalfResSceneColor:0]]
[2020.11.02-02.14.06:308][  0]LogConfig: Setting CVar [[r.SceneColorFormat:4]]
[2020.11.02-02.14.06:308][  0]LogConfig: Setting CVar [[r.DetailMode:2]]
[2020.11.02-02.14.06:308][  0]LogConfig: Setting CVar [[r.TranslucencyVolumeBlur:1]]
[2020.11.02-02.14.06:308][  0]LogConfig: Setting CVar [[r.MaterialQualityLevel:1 ; High quality]]
[2020.11.02-02.14.06:308][  0]LogConfig: Setting CVar [[r.SSS.Scale:1]]
[2020.11.02-02.14.06:308][  0]LogConfig: Setting CVar [[r.SSS.SampleSet:2]]
[2020.11.02-02.14.06:308][  0]LogConfig: Setting CVar [[r.SSS.Quality:1]]
[2020.11.02-02.14.06:308][  0]LogConfig: Setting CVar [[r.SSS.HalfRes:0]]
[2020.11.02-02.14.06:308][  0]LogConfig: Setting CVar [[r.SSGI.Quality:3]]
[2020.11.02-02.14.06:308][  0]LogConfig: Setting CVar [[r.EmitterSpawnRateScale:1.0]]
[2020.11.02-02.14.06:308][  0]LogConfig: Setting CVar [[r.ParticleLightQuality:2]]
[2020.11.02-02.14.06:308][  0]LogConfig: Setting CVar [[r.SkyAtmosphere.AerialPerspectiveLUT.FastApplyOnOpaque:1 ; Always have FastSkyLUT 1 in this case to avoid wrong sky]]
[2020.11.02-02.14.06:308][  0]LogConfig: Setting CVar [[r.SkyAtmosphere.AerialPerspectiveLUT.SampleCountPerSlice:1]]
[2020.11.02-02.14.06:308][  0]LogConfig: Setting CVar [[r.SkyAtmosphere.AerialPerspectiveLUT.DepthResolution:16.0]]
[2020.11.02-02.14.06:308][  0]LogConfig: Setting CVar [[r.SkyAtmosphere.FastSkyLUT:1]]
[2020.11.02-02.14.06:308][  0]LogConfig: Setting CVar [[r.SkyAtmosphere.FastSkyLUT.SampleCountMin:4.0]]
[2020.11.02-02.14.06:308][  0]LogConfig: Setting CVar [[r.SkyAtmosphere.FastSkyLUT.SampleCountMax:32.0]]
[2020.11.02-02.14.06:308][  0]LogConfig: Setting CVar [[r.SkyAtmosphere.SampleCountMin:4.0]]
[2020.11.02-02.14.06:308][  0]LogConfig: Setting CVar [[r.SkyAtmosphere.SampleCountMax:32.0]]
[2020.11.02-02.14.06:308][  0]LogConfig: Setting CVar [[r.SkyAtmosphere.TransmittanceLUT.UseSmallFormat:0]]
[2020.11.02-02.14.06:308][  0]LogConfig: Setting CVar [[r.SkyAtmosphere.TransmittanceLUT.SampleCount:10.0]]
[2020.11.02-02.14.06:308][  0]LogConfig: Setting CVar [[r.SkyAtmosphere.MultiScatteringLUT.SampleCount:15.0]]
[2020.11.02-02.14.06:308][  0]LogConfig: Applying CVar settings from Section [FoliageQuality@3] File [C:/Users/Warner/Desktop/170Proto/Proto01/Saved/Config/Windows/Scalability.ini]
[2020.11.02-02.14.06:308][  0]LogConfig: Setting CVar [[foliage.DensityScale:1.0]]
[2020.11.02-02.14.06:308][  0]LogConfig: Setting CVar [[grass.DensityScale:1.0]]
[2020.11.02-02.14.06:308][  0]LogConfig: Applying CVar settings from Section [ShadingQuality@3] File [C:/Users/Warner/Desktop/170Proto/Proto01/Saved/Config/Windows/Scalability.ini]
[2020.11.02-02.14.06:308][  0]LogConfig: Setting CVar [[r.HairStrands.SkyLighting.SampleCount:16]]
[2020.11.02-02.14.06:308][  0]LogConfig: Setting CVar [[r.HairStrands.SkyLighting.JitterIntegration:0]]
[2020.11.02-02.14.06:308][  0]LogConfig: Setting CVar [[r.HairStrands.SkyAO.SampleCount:16]]
[2020.11.02-02.14.06:309][  0]LogConfig: Setting CVar [[r.HairStrands.DeepShadow.SuperSampling:0]]
[2020.11.02-02.14.06:309][  0]LogConfig: Setting CVar [[r.HairStrands.VisibilityPPLL:0]]
[2020.11.02-02.14.06:309][  0]LogConfig: Setting CVar [[r.HairStrands.RasterizationScale:0.5]]
[2020.11.02-02.14.06:309][  0]LogConfig: Setting CVar [[r.HairStrands.VelocityRasterizationScale:1]]
[2020.11.02-02.14.06:309][  0]LogInit: Selected Device Profile: [Windows]
[2020.11.02-02.14.06:309][  0]LogInit: Applying CVar settings loaded from the selected device profile: [Windows]
[2020.11.02-02.14.06:309][  0]LogHAL: Display: Platform has ~ 16 GB [17059344384 / 17179869184 / 16], which maps to Larger [LargestMinGB=32, LargerMinGB=12, DefaultMinGB=8, SmallerMinGB=6, SmallestMinGB=0)
[2020.11.02-02.14.06:309][  0]LogInit: Going up to parent DeviceProfile []
[2020.11.02-02.14.06:309][  0]LogConfig: Applying CVar settings from Section [ViewDistanceQuality@3] File [C:/Users/Warner/Desktop/170Proto/Proto01/Saved/Config/Windows/Scalability.ini]
[2020.11.02-02.14.06:309][  0]LogConfig: Setting CVar [[r.SkeletalMeshLODBias:0]]
[2020.11.02-02.14.06:309][  0]LogConfig: Setting CVar [[r.ViewDistanceScale:1.0]]
[2020.11.02-02.14.06:309][  0]LogConfig: Applying CVar settings from Section [AntiAliasingQuality@3] File [C:/Users/Warner/Desktop/170Proto/Proto01/Saved/Config/Windows/Scalability.ini]
[2020.11.02-02.14.06:309][  0]LogConfig: Setting CVar [[r.PostProcessAAQuality:4]]
[2020.11.02-02.14.06:309][  0]LogConfig: Applying CVar settings from Section [ShadowQuality@3] File [C:/Users/Warner/Desktop/170Proto/Proto01/Saved/Config/Windows/Scalability.ini]
[2020.11.02-02.14.06:309][  0]LogConfig: Setting CVar [[r.LightFunctionQuality:1]]
[2020.11.02-02.14.06:309][  0]LogConfig: Setting CVar [[r.ShadowQuality:5]]
[2020.11.02-02.14.06:309][  0]LogConfig: Setting CVar [[r.Shadow.CSM.MaxCascades:10]]
[2020.11.02-02.14.06:309][  0]LogConfig: Setting CVar [[r.Shadow.MaxResolution:2048]]
[2020.11.02-02.14.06:309][  0]LogConfig: Setting CVar [[r.Shadow.MaxCSMResolution:2048]]
[2020.11.02-02.14.06:309][  0]LogConfig: Setting CVar [[r.Shadow.RadiusThreshold:0.01]]
[2020.11.02-02.14.06:309][  0]LogConfig: Setting CVar [[r.Shadow.DistanceScale:1.0]]
[2020.11.02-02.14.06:309][  0]LogConfig: Setting CVar [[r.Shadow.CSM.TransitionScale:1.0]]
[2020.11.02-02.14.06:309][  0]LogConfig: Setting CVar [[r.Shadow.PreShadowResolutionFactor:1.0]]
[2020.11.02-02.14.06:309][  0]LogConfig: Setting CVar [[r.DistanceFieldShadowing:1]]
[2020.11.02-02.14.06:309][  0]LogConfig: Setting CVar [[r.DistanceFieldAO:1]]
[2020.11.02-02.14.06:309][  0]LogConfig: Setting CVar [[r.AOQuality:2]]
[2020.11.02-02.14.06:309][  0]LogConfig: Setting CVar [[r.VolumetricFog:1]]
[2020.11.02-02.14.06:309][  0]LogConfig: Setting CVar [[r.VolumetricFog.GridPixelSize:8]]
[2020.11.02-02.14.06:309][  0]LogConfig: Setting CVar [[r.VolumetricFog.GridSizeZ:128]]
[2020.11.02-02.14.06:309][  0]LogConfig: Setting CVar [[r.VolumetricFog.HistoryMissSupersampleCount:4]]
[2020.11.02-02.14.06:309][  0]LogConfig: Setting CVar [[r.LightMaxDrawDistanceScale:1]]
[2020.11.02-02.14.06:309][  0]LogConfig: Setting CVar [[r.CapsuleShadows:1]]
[2020.11.02-02.14.06:309][  0]LogConfig: Applying CVar settings from Section [PostProcessQuality@3] File [C:/Users/Warner/Desktop/170Proto/Proto01/Saved/Config/Windows/Scalability.ini]
[2020.11.02-02.14.06:309][  0]LogConfig: Setting CVar [[r.MotionBlurQuality:4]]
[2020.11.02-02.14.06:309][  0]LogConfig: Setting CVar [[r.AmbientOcclusionMipLevelFactor:0.4]]
[2020.11.02-02.14.06:309][  0]LogConfig: Setting CVar [[r.AmbientOcclusionMaxQuality:100]]
[2020.11.02-02.14.06:309][  0]LogConfig: Setting CVar [[r.AmbientOcclusionLevels:-1]]
[2020.11.02-02.14.06:309][  0]LogConfig: Setting CVar [[r.AmbientOcclusionRadiusScale:1.0]]
[2020.11.02-02.14.06:309][  0]LogConfig: Setting CVar [[r.DepthOfFieldQuality:2]]
[2020.11.02-02.14.06:309][  0]LogConfig: Setting CVar [[r.RenderTargetPoolMin:400]]
[2020.11.02-02.14.06:309][  0]LogConfig: Setting CVar [[r.LensFlareQuality:2]]
[2020.11.02-02.14.06:309][  0]LogConfig: Setting CVar [[r.SceneColorFringeQuality:1]]
[2020.11.02-02.14.06:309][  0]LogConfig: Setting CVar [[r.EyeAdaptationQuality:2]]
[2020.11.02-02.14.06:309][  0]LogConfig: Setting CVar [[r.BloomQuality:5]]
[2020.11.02-02.14.06:309][  0]LogConfig: Setting CVar [[r.FastBlurThreshold:100]]
[2020.11.02-02.14.06:309][  0]LogConfig: Setting CVar [[r.Upscale.Quality:3]]
[2020.11.02-02.14.06:309][  0]LogConfig: Setting CVar [[r.Tonemapper.GrainQuantization:1]]
[2020.11.02-02.14.06:309][  0]LogConfig: Setting CVar [[r.LightShaftQuality:1]]
[2020.11.02-02.14.06:309][  0]LogConfig: Setting CVar [[r.Filter.SizeScale:1]]
[2020.11.02-02.14.06:309][  0]LogConfig: Setting CVar [[r.Tonemapper.Quality:5]]
[2020.11.02-02.14.06:309][  0]LogConfig: Setting CVar [[r.DOF.Gather.AccumulatorQuality:1        ; higher gathering accumulator quality]]
[2020.11.02-02.14.06:309][  0]LogConfig: Setting CVar [[r.DOF.Gather.PostfilterMethod:1          ; Median3x3 postfilering method]]
[2020.11.02-02.14.06:309][  0]LogConfig: Setting CVar [[r.DOF.Gather.EnableBokehSettings:0       ; no bokeh simulation when gathering]]
[2020.11.02-02.14.06:309][  0]LogConfig: Setting CVar [[r.DOF.Gather.RingCount:4                 ; medium number of samples when gathering]]
[2020.11.02-02.14.06:309][  0]LogConfig: Setting CVar [[r.DOF.Scatter.ForegroundCompositing:1    ; additive foreground scattering]]
[2020.11.02-02.14.06:309][  0]LogConfig: Setting CVar [[r.DOF.Scatter.BackgroundCompositing:2    ; additive background scattering]]
[2020.11.02-02.14.06:309][  0]LogConfig: Setting CVar [[r.DOF.Scatter.EnableBokehSettings:1      ; bokeh simulation when scattering]]
[2020.11.02-02.14.06:309][  0]LogConfig: Setting CVar [[r.DOF.Scatter.MaxSpriteRatio:0.1         ; only a maximum of 10% of scattered bokeh]]
[2020.11.02-02.14.06:309][  0]LogConfig: Setting CVar [[r.DOF.Recombine.Quality:1                ; cheap slight out of focus]]
[2020.11.02-02.14.06:309][  0]LogConfig: Setting CVar [[r.DOF.Recombine.EnableBokehSettings:0    ; no bokeh simulation on slight out of focus]]
[2020.11.02-02.14.06:309][  0]LogConfig: Setting CVar [[r.DOF.TemporalAAQuality:1                ; more stable temporal accumulation]]
[2020.11.02-02.14.06:309][  0]LogConfig: Setting CVar [[r.DOF.Kernel.MaxForegroundRadius:0.025]]
[2020.11.02-02.14.06:309][  0]LogConfig: Setting CVar [[r.DOF.Kernel.MaxBackgroundRadius:0.025]]
[2020.11.02-02.14.06:309][  0]LogConfig: Applying CVar settings from Section [TextureQuality@3] File [C:/Users/Warner/Desktop/170Proto/Proto01/Saved/Config/Windows/Scalability.ini]
[2020.11.02-02.14.06:310][  0]LogConfig: Setting CVar [[r.Streaming.MipBias:0]]
[2020.11.02-02.14.06:310][  0]LogConfig: Setting CVar [[r.Streaming.AmortizeCPUToGPUCopy:0]]
[2020.11.02-02.14.06:310][  0]LogConfig: Setting CVar [[r.Streaming.MaxNumTexturesToStreamPerFrame:0]]
[2020.11.02-02.14.06:310][  0]LogConfig: Setting CVar [[r.Streaming.Boost:1]]
[2020.11.02-02.14.06:310][  0]LogConfig: Setting CVar [[r.MaxAnisotropy:8]]
[2020.11.02-02.14.06:310][  0]LogConfig: Setting CVar [[r.VT.MaxAnisotropy:8]]
[2020.11.02-02.14.06:310][  0]LogConfig: Setting CVar [[r.Streaming.LimitPoolSizeToVRAM:0]]
[2020.11.02-02.14.06:310][  0]LogConfig: Setting CVar [[r.Streaming.PoolSize:1000]]
[2020.11.02-02.14.06:310][  0]LogConfig: Setting CVar [[r.Streaming.MaxEffectiveScreenSize:0]]
[2020.11.02-02.14.06:310][  0]LogConfig: Applying CVar settings from Section [EffectsQuality@3] File [C:/Users/Warner/Desktop/170Proto/Proto01/Saved/Config/Windows/Scalability.ini]
[2020.11.02-02.14.06:310][  0]LogConfig: Setting CVar [[r.TranslucencyLightingVolumeDim:64]]
[2020.11.02-02.14.06:310][  0]LogConfig: Setting CVar [[r.RefractionQuality:2]]
[2020.11.02-02.14.06:310][  0]LogConfig: Setting CVar [[r.SSR.Quality:3]]
[2020.11.02-02.14.06:310][  0]LogConfig: Setting CVar [[r.SSR.HalfResSceneColor:0]]
[2020.11.02-02.14.06:310][  0]LogConfig: Setting CVar [[r.SceneColorFormat:4]]
[2020.11.02-02.14.06:310][  0]LogConfig: Setting CVar [[r.DetailMode:2]]
[2020.11.02-02.14.06:310][  0]LogConfig: Setting CVar [[r.TranslucencyVolumeBlur:1]]
[2020.11.02-02.14.06:310][  0]LogConfig: Setting CVar [[r.MaterialQualityLevel:1 ; High quality]]
[2020.11.02-02.14.06:310][  0]LogConfig: Setting CVar [[r.SSS.Scale:1]]
[2020.11.02-02.14.06:310][  0]LogConfig: Setting CVar [[r.SSS.SampleSet:2]]
[2020.11.02-02.14.06:310][  0]LogConfig: Setting CVar [[r.SSS.Quality:1]]
[2020.11.02-02.14.06:310][  0]LogConfig: Setting CVar [[r.SSS.HalfRes:0]]
[2020.11.02-02.14.06:310][  0]LogConfig: Setting CVar [[r.SSGI.Quality:3]]
[2020.11.02-02.14.06:310][  0]LogConfig: Setting CVar [[r.EmitterSpawnRateScale:1.0]]
[2020.11.02-02.14.06:310][  0]LogConfig: Setting CVar [[r.ParticleLightQuality:2]]
[2020.11.02-02.14.06:310][  0]LogConfig: Setting CVar [[r.SkyAtmosphere.AerialPerspectiveLUT.FastApplyOnOpaque:1 ; Always have FastSkyLUT 1 in this case to avoid wrong sky]]
[2020.11.02-02.14.06:310][  0]LogConfig: Setting CVar [[r.SkyAtmosphere.AerialPerspectiveLUT.SampleCountPerSlice:1]]
[2020.11.02-02.14.06:310][  0]LogConfig: Setting CVar [[r.SkyAtmosphere.AerialPerspectiveLUT.DepthResolution:16.0]]
[2020.11.02-02.14.06:310][  0]LogConfig: Setting CVar [[r.SkyAtmosphere.FastSkyLUT:1]]
[2020.11.02-02.14.06:310][  0]LogConfig: Setting CVar [[r.SkyAtmosphere.FastSkyLUT.SampleCountMin:4.0]]
[2020.11.02-02.14.06:310][  0]LogConfig: Setting CVar [[r.SkyAtmosphere.FastSkyLUT.SampleCountMax:32.0]]
[2020.11.02-02.14.06:310][  0]LogConfig: Setting CVar [[r.SkyAtmosphere.SampleCountMin:4.0]]
[2020.11.02-02.14.06:310][  0]LogConfig: Setting CVar [[r.SkyAtmosphere.SampleCountMax:32.0]]
[2020.11.02-02.14.06:310][  0]LogConfig: Setting CVar [[r.SkyAtmosphere.TransmittanceLUT.UseSmallFormat:0]]
[2020.11.02-02.14.06:310][  0]LogConfig: Setting CVar [[r.SkyAtmosphere.TransmittanceLUT.SampleCount:10.0]]
[2020.11.02-02.14.06:310][  0]LogConfig: Setting CVar [[r.SkyAtmosphere.MultiScatteringLUT.SampleCount:15.0]]
[2020.11.02-02.14.06:310][  0]LogConfig: Applying CVar settings from Section [FoliageQuality@3] File [C:/Users/Warner/Desktop/170Proto/Proto01/Saved/Config/Windows/Scalability.ini]
[2020.11.02-02.14.06:310][  0]LogConfig: Setting CVar [[foliage.DensityScale:1.0]]
[2020.11.02-02.14.06:310][  0]LogConfig: Setting CVar [[grass.DensityScale:1.0]]
[2020.11.02-02.14.06:310][  0]LogConfig: Applying CVar settings from Section [ShadingQuality@3] File [C:/Users/Warner/Desktop/170Proto/Proto01/Saved/Config/Windows/Scalability.ini]
[2020.11.02-02.14.06:310][  0]LogConfig: Setting CVar [[r.HairStrands.SkyLighting.SampleCount:16]]
[2020.11.02-02.14.06:310][  0]LogConfig: Setting CVar [[r.HairStrands.SkyLighting.JitterIntegration:0]]
[2020.11.02-02.14.06:310][  0]LogConfig: Setting CVar [[r.HairStrands.SkyAO.SampleCount:16]]
[2020.11.02-02.14.06:310][  0]LogConfig: Setting CVar [[r.HairStrands.DeepShadow.SuperSampling:0]]
[2020.11.02-02.14.06:310][  0]LogConfig: Setting CVar [[r.HairStrands.VisibilityPPLL:0]]
[2020.11.02-02.14.06:310][  0]LogConfig: Setting CVar [[r.HairStrands.RasterizationScale:0.5]]
[2020.11.02-02.14.06:310][  0]LogConfig: Setting CVar [[r.HairStrands.VelocityRasterizationScale:1]]
[2020.11.02-02.14.06:310][  0]LogConfig: Applying CVar settings from Section [Startup] File [../../../Engine/Config/ConsoleVariables.ini]
[2020.11.02-02.14.06:528][  0]LogConfig: Setting CVar [[net.UseAdaptiveNetUpdateFrequency:0]]
[2020.11.02-02.14.06:528][  0]LogConfig: Setting CVar [[p.chaos.AllowCreatePhysxBodies:1]]
[2020.11.02-02.14.06:528][  0]LogConfig: Setting CVar [[fx.SkipVectorVMBackendOptimizations:1]]
[2020.11.02-02.14.06:528][  0]LogConfig: Applying CVar settings from Section [ConsoleVariables] File [C:/Users/Warner/Desktop/170Proto/Proto01/Saved/Config/Windows/Engine.ini]
[2020.11.02-02.14.06:529][  0]LogInit: Computer: WARNERDEV
[2020.11.02-02.14.06:529][  0]LogInit: User: Warner
[2020.11.02-02.14.06:529][  0]LogInit: CPU Page size=4096, Cores=4
[2020.11.02-02.14.06:529][  0]LogInit: High frequency timer resolution =10.000000 MHz
[2020.11.02-02.14.06:529][  0]LogMemory: Memory total: Physical=15.9GB (16GB approx)
[2020.11.02-02.14.06:530][  0]LogMemory: Platform Memory Stats for Windows
[2020.11.02-02.14.06:530][  0]LogMemory: Process Physical Memory: 119.59 MB used, 119.60 MB peak
[2020.11.02-02.14.06:530][  0]LogMemory: Process Virtual Memory: 104.73 MB used, 104.73 MB peak
[2020.11.02-02.14.06:530][  0]LogMemory: Physical Memory: 6151.54 MB used,  10117.52 MB free, 16269.06 MB total
[2020.11.02-02.14.06:530][  0]LogMemory: Virtual Memory: 5212.89 MB used,  134212512.00 MB free, 134217728.00 MB total
[2020.11.02-02.14.06:547][  0]LogWindows: WindowsPlatformFeatures enabled
[2020.11.02-02.14.06:595][  0]LogInit: Physics initialised using underlying interface: PhysX
[2020.11.02-02.14.06:596][  0]LogInit: Using OS detected language (en-US).
[2020.11.02-02.14.06:596][  0]LogInit: Using OS detected locale (en-US).
[2020.11.02-02.14.06:600][  0]LogTextLocalizationManager: No specific localization for 'en-US' exists, so the 'en' localization will be used.
[2020.11.02-02.14.07:667][  0]LogInit: Setting process to per monitor DPI aware
[2020.11.02-02.14.08:728][  0]LogSlate: New Slate User Created.  User Index 0, Is Virtual User: 0
[2020.11.02-02.14.08:728][  0]LogSlate: Slate User Registered.  User Index 0, Is Virtual User: 0
[2020.11.02-02.14.20:602][  0]LogHMD: Failed to initialize OpenVR with code 110
[2020.11.02-02.14.20:602][  0]LogD3D11RHI: D3D11 min allowed feature level: 11_0
[2020.11.02-02.14.20:602][  0]LogD3D11RHI: D3D11 max allowed feature level: 11_0
[2020.11.02-02.14.20:602][  0]LogD3D11RHI: D3D11 adapters:
[2020.11.02-02.14.21:235][  0]LogD3D11RHI:    0. 'NVIDIA GeForce GTX 770M' (Feature Level 11_0)
[2020.11.02-02.14.21:235][  0]LogD3D11RHI:       3039/0/8134 MB DedicatedVideo/DedicatedSystem/SharedSystem, Outputs:1, VendorId:0x10de
[2020.11.02-02.14.21:243][  0]LogD3D11RHI:    1. 'Intel(R) HD Graphics 4600' (Feature Level 11_0)
[2020.11.02-02.14.21:243][  0]LogD3D11RHI:       112/0/2048 MB DedicatedVideo/DedicatedSystem/SharedSystem, Outputs:0, VendorId:0x8086
[2020.11.02-02.14.21:245][  0]LogD3D11RHI:    2. 'Microsoft Basic Render Driver' (Feature Level 11_0)
[2020.11.02-02.14.21:245][  0]LogD3D11RHI:       0/0/8134 MB DedicatedVideo/DedicatedSystem/SharedSystem, Outputs:0, VendorId:0x1414
[2020.11.02-02.14.21:245][  0]LogD3D11RHI: Chosen D3D11 Adapter: 0
[2020.11.02-02.14.21:276][  0]LogD3D11RHI: Creating new Direct3DDevice
[2020.11.02-02.14.21:276][  0]LogD3D11RHI:     GPU DeviceId: 0x11e0 (for the marketing name, search the web for "GPU Device Id")
[2020.11.02-02.14.21:276][  0]LogWindows: EnumDisplayDevices:
[2020.11.02-02.14.21:276][  0]LogWindows:    0. 'Intel(R) HD Graphics 4600' (P:1 D:1)
[2020.11.02-02.14.21:277][  0]LogWindows:    1. 'Intel(R) HD Graphics 4600' (P:0 D:0)
[2020.11.02-02.14.21:277][  0]LogWindows:    2. 'Intel(R) HD Graphics 4600' (P:0 D:0)
[2020.11.02-02.14.21:277][  0]LogWindows:    3. 'NVIDIA GeForce GTX 770M' (P:0 D:0)
[2020.11.02-02.14.21:277][  0]LogWindows:    4. 'NVIDIA GeForce GTX 770M' (P:0 D:0)
[2020.11.02-02.14.21:278][  0]LogWindows:    5. 'NVIDIA GeForce GTX 770M' (P:0 D:0)
[2020.11.02-02.14.21:278][  0]LogWindows:    6. 'NVIDIA GeForce GTX 770M' (P:0 D:0)
[2020.11.02-02.14.21:278][  0]LogWindows: DebugString: PrimaryIsNotTheChoosenAdapter PrimaryIsNotTheChoosenAdapter PrimaryIsNotTheChoosenAdapter FoundDriverCount:4 
[2020.11.02-02.14.21:278][  0]LogD3D11RHI:     Adapter Name: NVIDIA GeForce GTX 770M
[2020.11.02-02.14.21:278][  0]LogD3D11RHI:   Driver Version: 368.71 (internal:10.18.13.6871, unified:368.71)
[2020.11.02-02.14.21:278][  0]LogD3D11RHI:      Driver Date: 6-29-2016
[2020.11.02-02.14.21:278][  0]LogRHI: Texture pool is 2127 MB (70% of 3039 MB)
[2020.11.02-02.14.21:298][  0]LogD3D11RHI: RHI does not have support for 64 bit atomics
[2020.11.02-02.14.21:302][  0]LogD3D11RHI: [Aftermath] Failed to initialize. Result=bad0000c
[2020.11.02-02.14.21:302][  0]LogD3D11RHI: Async texture creation enabled
[2020.11.02-02.14.21:318][  0]LogD3D11RHI: GPU Timing Frequency: 1000.000000 (Debug: 2 1)
[2020.11.02-02.14.21:640][  0]LogTargetPlatformManager: Display: Loaded TargetPlatform 'AllDesktop'
[2020.11.02-02.14.21:665][  0]LogTargetPlatformManager: Display: Loaded TargetPlatform 'Android'
[2020.11.02-02.14.21:665][  0]LogTargetPlatformManager: Display: Loaded TargetPlatform 'Android_ASTC'
[2020.11.02-02.14.21:665][  0]LogTargetPlatformManager: Display: Loaded TargetPlatform 'Android_DXT'
[2020.11.02-02.14.21:665][  0]LogTargetPlatformManager: Display: Loaded TargetPlatform 'Android_ETC2'
[2020.11.02-02.14.21:665][  0]LogTargetPlatformManager: Display: Loaded TargetPlatform 'AndroidClient'
[2020.11.02-02.14.21:665][  0]LogTargetPlatformManager: Display: Loaded TargetPlatform 'Android_ASTCClient'
[2020.11.02-02.14.21:665][  0]LogTargetPlatformManager: Display: Loaded TargetPlatform 'Android_DXTClient'
[2020.11.02-02.14.21:665][  0]LogTargetPlatformManager: Display: Loaded TargetPlatform 'Android_ETC2Client'
[2020.11.02-02.14.21:665][  0]LogTargetPlatformManager: Display: Loaded TargetPlatform 'Android_Multi'
[2020.11.02-02.14.21:665][  0]LogTargetPlatformManager: Display: Loaded TargetPlatform 'Android_MultiClient'
[2020.11.02-02.14.21:827][  0]LogTargetPlatformManager: Display: Loaded TargetPlatform 'IOSClient'
[2020.11.02-02.14.21:827][  0]LogTargetPlatformManager: Display: Loaded TargetPlatform 'IOS'
[2020.11.02-02.14.21:903][  0]LogTargetPlatformManager: Display: Loaded TargetPlatform 'Linux'
[2020.11.02-02.14.21:942][  0]LogTargetPlatformManager: Display: Loaded TargetPlatform 'LinuxNoEditor'
[2020.11.02-02.14.21:960][  0]LogTargetPlatformManager: Display: Loaded TargetPlatform 'LinuxClient'
[2020.11.02-02.14.21:974][  0]LogTargetPlatformManager: Display: Loaded TargetPlatform 'LinuxServer'
[2020.11.02-02.14.21:985][  0]LogTargetPlatformManager: Display: Loaded TargetPlatform 'LinuxAArch64NoEditor'
[2020.11.02-02.14.21:995][  0]LogTargetPlatformManager: Display: Loaded TargetPlatform 'LinuxAArch64Client'
[2020.11.02-02.14.22:005][  0]LogTargetPlatformManager: Display: Loaded TargetPlatform 'LinuxAArch64Server'
[2020.11.02-02.14.22:034][  0]LogTargetPlatformManager: Display: Loaded TargetPlatform 'Lumin'
[2020.11.02-02.14.22:034][  0]LogTargetPlatformManager: Display: Loaded TargetPlatform 'LuminClient'
[2020.11.02-02.14.22:051][  0]LogTargetPlatformManager: Display: Loaded TargetPlatform 'TVOSClient'
[2020.11.02-02.14.22:051][  0]LogTargetPlatformManager: Display: Loaded TargetPlatform 'TVOS'
[2020.11.02-02.14.22:062][  0]LogTargetPlatformManager: Display: Loaded TargetPlatform 'WindowsNoEditor'
[2020.11.02-02.14.22:072][  0]LogTargetPlatformManager: Display: Loaded TargetPlatform 'Windows'
[2020.11.02-02.14.22:082][  0]LogTargetPlatformManager: Display: Loaded TargetPlatform 'WindowsClient'
[2020.11.02-02.14.22:092][  0]LogTargetPlatformManager: Display: Loaded TargetPlatform 'WindowsServer'
[2020.11.02-02.14.22:092][  0]LogTargetPlatformManager: Display: Building Assets For Windows
[2020.11.02-02.14.22:100][  0]LogAudioDebug: Display: Lib vorbis DLL was dynamically loaded.
[2020.11.02-02.14.22:291][  0]LogShaderCompilers: Guid format shader working directory is -9 characters bigger than the processId version (../../../../../../Users/Warner/Desktop/170Proto/Proto01/Intermediate/Shaders/WorkingDirectory/16664/).
[2020.11.02-02.14.22:291][  0]LogShaderCompilers: Cleaned the shader compiler working directory 'C:/Users/Warner/AppData/Local/Temp/UnrealShaderWorkingDir/38972A8A475EC91C6E8413B02E8924C4/'.
[2020.11.02-02.14.22:292][  0]LogXGEController: Cannot use XGE Controller as Incredibuild is not installed on this machine.
[2020.11.02-02.14.22:292][  0]LogShaderCompilers: Cannot use XGE Shader Compiler as Incredibuild is not installed on this machine.
[2020.11.02-02.14.22:292][  0]LogShaderCompilers: Display: Using Local Shader Compiler.
[2020.11.02-02.14.29:083][  0]LogDerivedDataCache: Display: Max Cache Size: 512 MB
[2020.11.02-02.14.29:486][  0]LogDerivedDataCache: Loaded boot cache 0.40s 76MB C:/Users/Warner/AppData/Local/UnrealEngine/4.25/DerivedDataCache/Boot.ddc.
[2020.11.02-02.14.29:486][  0]LogDerivedDataCache: Display: Loaded Boot cache: C:/Users/Warner/AppData/Local/UnrealEngine/4.25/DerivedDataCache/Boot.ddc
[2020.11.02-02.14.29:486][  0]LogDerivedDataCache: FDerivedDataBackendGraph:  Pak pak cache file ../../../../../../Users/Warner/Desktop/170Proto/Proto01/DerivedDataCache/DDC.ddp not found, will not use a pak cache.
[2020.11.02-02.14.29:486][  0]LogDerivedDataCache: Unable to find inner node Pak for hierarchical cache Hierarchy.
[2020.11.02-02.14.29:486][  0]LogDerivedDataCache: FDerivedDataBackendGraph:  CompressedPak pak cache file ../../../../../../Users/Warner/Desktop/170Proto/Proto01/DerivedDataCache/Compressed.ddp not found, will not use a pak cache.
[2020.11.02-02.14.29:486][  0]LogDerivedDataCache: Unable to find inner node CompressedPak for hierarchical cache Hierarchy.
[2020.11.02-02.14.29:503][  0]LogDerivedDataCache: Display: Pak cache opened for reading ../../../Engine/DerivedDataCache/Compressed.ddp.
[2020.11.02-02.14.29:504][  0]LogDerivedDataCache: FDerivedDataBackendGraph:  EnterprisePak pak cache file ../../../Enterprise/DerivedDataCache/Compressed.ddp not found, will not use a pak cache.
[2020.11.02-02.14.29:504][  0]LogDerivedDataCache: Unable to find inner node EnterprisePak for hierarchical cache Hierarchy.
[2020.11.02-02.14.29:505][  0]LogDerivedDataCache: Using Local data cache path C:/Users/Warner/AppData/Local/UnrealEngine/Common/DerivedDataCache: Writable
[2020.11.02-02.14.29:505][  0]LogDerivedDataCache: Shared data cache path not found in *engine.ini, will not use an Shared cache.
[2020.11.02-02.14.29:505][  0]LogDerivedDataCache: Unable to find inner node Shared for hierarchical cache Hierarchy.
[2020.11.02-02.14.29:561][  0]LogSlate: Using FreeType 2.10.0
[2020.11.02-02.14.29:580][  0]LogSlate: SlateFontServices - WITH_FREETYPE: 1, WITH_HARFBUZZ: 1
[2020.11.02-02.14.30:680][  0]LogAssetRegistry: FAssetRegistry took 0.0039 seconds to start up
[2020.11.02-02.14.30:943][  0]LogInit: Selected Device Profile: [Windows]
[2020.11.02-02.14.31:144][  0]LogMeshReduction: Using QuadricMeshReduction for automatic static mesh reduction
[2020.11.02-02.14.31:144][  0]LogMeshReduction: Using SimplygonMeshReduction for automatic skeletal mesh reduction
[2020.11.02-02.14.31:144][  0]LogMeshReduction: Using ProxyLODMeshReduction for automatic mesh merging
[2020.11.02-02.14.31:144][  0]LogMeshReduction: No distributed automatic mesh merging module available
[2020.11.02-02.14.31:144][  0]LogMeshMerging: No distributed automatic mesh merging module available
[2020.11.02-02.14.31:397][  0]LogNetVersion: Proto01 1.0.0, NetCL: 13144385, EngineNetVer: 14, GameNetVer: 0 (Checksum: 2830881591)
[2020.11.02-02.14.42:124][  0]LogAISub: UAISubsystem::UAISubsystem AISubsystem (000001A3A80929C0), frame # 0
[2020.11.02-02.14.42:124][  0]LogAISub: UAISubsystem::UAISubsystem AIPerceptionSystem (000001A3A8F09E40), frame # 0
[2020.11.02-02.14.42:126][  0]LogAISub: UAISubsystem::UAISubsystem EnvQueryManager (000001A3A8082A00), frame # 0
[2020.11.02-02.14.42:208][  0]LogPackageLocalizationCache: Processed 19 localized package path(s) for 1 prioritized culture(s) in 0.076208 seconds
[2020.11.02-02.14.42:214][  0]LogUObjectArray: 15917 objects as part of root set at end of initial load.
[2020.11.02-02.14.42:214][  0]LogUObjectAllocator: 3965568 out of 0 bytes used by permanent object pool.
[2020.11.02-02.14.42:214][  0]LogUObjectArray: CloseDisregardForGC: 0/0 objects in disregard for GC pool
[2020.11.02-02.14.43:504][  0]LogTcpMessaging: Initializing TcpMessaging bridge
[2020.11.02-02.14.43:509][  0]LogUdpMessaging: Initializing bridge on interface 0.0.0.0:0 to multicast group 230.0.0.1:6666.
[2020.11.02-02.14.43:561][  0]LogLinker: Warning: Failed to load '/Game/FirstPersonCPP/Blueprints/FirstPersonCharacter': Can't find file.
[2020.11.02-02.14.43:561][  0]LogLinker: Warning: Failed to load '/Game/FirstPersonCPP/Blueprints/FirstPersonCharacter': Can't find file.
[2020.11.02-02.14.43:561][  0]LogUObjectGlobals: Warning: Failed to find object 'Class /Game/FirstPersonCPP/Blueprints/FirstPersonCharacter.FirstPersonCharacter_C'
[2020.11.02-02.14.43:561][  0]Error: CDO Constructor (Proto01GameMode): Failed to find /Game/FirstPersonCPP/Blueprints/FirstPersonCharacter.FirstPersonCharacter_C

[2020.11.02-02.14.43:562][  0]LogLinker: Warning: Failed to load '/Game/FirstPerson/Textures/FirstPersonCrosshair': Can't find file.
[2020.11.02-02.14.43:562][  0]LogLinker: Warning: Failed to load '/Game/FirstPerson/Textures/FirstPersonCrosshair': Can't find file.
[2020.11.02-02.14.43:562][  0]LogUObjectGlobals: Warning: Failed to find object 'Texture2D /Game/FirstPerson/Textures/FirstPersonCrosshair.FirstPersonCrosshair'
[2020.11.02-02.14.43:562][  0]Error: CDO Constructor (Proto01HUD): Failed to find /Game/FirstPerson/Textures/FirstPersonCrosshair

[2020.11.02-02.14.43:562][  0]LogUObjectBase: Warning: -------------- Default Property warnings and errors:
[2020.11.02-02.14.43:562][  0]LogUObjectBase: Warning: Error: CDO Constructor (Proto01GameMode): Failed to find /Game/FirstPersonCPP/Blueprints/FirstPersonCharacter.FirstPersonCharacter_C

[2020.11.02-02.14.43:562][  0]LogUObjectBase: Warning: Error: CDO Constructor (Proto01HUD): Failed to find /Game/FirstPerson/Textures/FirstPersonCrosshair

[2020.11.02-02.15.41:190][  0]LogWindowsTextInputMethodSystem: Display: IME system now deactivated.
[2020.11.02-02.15.41:191][  0]LogWindowsTextInputMethodSystem: Display: IME system now deactivated.
[2020.11.02-02.15.41:192][  0]Message dialog closed, result: Ok, title: Message, text: Default Property warnings and errors:
Error: CDO Constructor (Proto01GameMode): Failed to find /Game/FirstPersonCPP/Blueprints/FirstPersonCharacter.FirstPersonCharacter_C

Error: CDO Constructor (Proto01HUD): Failed to find /Game/FirstPerson/Textures/FirstPersonCrosshair


[2020.11.02-02.15.41:276][  0]SourceControl: Source control is disabled
[2020.11.02-02.15.42:351][  0]LogAndroidPermission: UAndroidPermissionCallbackProxy::GetInstance
[2020.11.02-02.15.42:389][  0]LogAudioCaptureCore: Display: No Audio Capture implementations found. Audio input will be silent.
[2020.11.02-02.15.42:389][  0]LogAudioCaptureCore: Display: No Audio Capture implementations found. Audio input will be silent.
[2020.11.02-02.15.42:440][  0]LogOcInput: OculusInput pre-init called
[2020.11.02-02.15.42:452][  0]LogWindows: Failed to load 'OVRPlugin.dll' (GetLastError=126)
[2020.11.02-02.15.42:452][  0]LogWindows: File 'OVRPlugin.dll' does not exist
[2020.11.02-02.15.43:077][  0]LogEngine: Initializing Engine...
[2020.11.02-02.15.43:078][  0]LogHMD: Failed to initialize OpenVR with code 110
[2020.11.02-02.15.43:078][  0]LogMagicLeap: Warning: VR disabled because ZI is not enabled.  To enable, in the editor, Edit -> Project Settings -> Plugins -> Magic Leap Plugin -> Enable Zero Iteration
[2020.11.02-02.15.43:079][  0]LogStats: UGameplayTagsManager::InitializeManager -  0.000 s
[2020.11.02-02.15.43:205][  0]LogInit: Initializing FReadOnlyCVARCache
[2020.11.02-02.15.43:213][  0]LogAIModule: Creating AISystem for world Untitled
[2020.11.02-02.15.43:213][  0]LogAISub: UAISubsystem::UAISubsystem EnvQueryManager (000001A3ADE64800), frame # 0
[2020.11.02-02.15.43:213][  0]LogAISub: UAISubsystem::UAISubsystem AIPerceptionSystem (000001A3ADE95580), frame # 0
[2020.11.02-02.15.43:232][  0]LogAudioMixer: Display: Audio Mixer Platform Settings:
[2020.11.02-02.15.43:232][  0]LogAudioMixer: Display: 	Sample Rate:						  48000
[2020.11.02-02.15.43:232][  0]LogAudioMixer: Display: 	Callback Buffer Frame Size Requested: 1024
[2020.11.02-02.15.43:232][  0]LogAudioMixer: Display: 	Callback Buffer Frame Size To Use:	  1024
[2020.11.02-02.15.43:232][  0]LogAudioMixer: Display: 	Number of buffers to queue:			  2
[2020.11.02-02.15.43:232][  0]LogAudioMixer: Display: 	Max Channels (voices):				  32
[2020.11.02-02.15.43:232][  0]LogAudioMixer: Display: 	Number of Async Source Workers:		  0
[2020.11.02-02.15.43:232][  0]LogAudio: Display: AudioDevice MaxSources: 32
[2020.11.02-02.15.43:233][  0]LogAudio: Display: Using built-in audio occlusion.
[2020.11.02-02.15.43:233][  0]LogAudioMixer: Display: Initializing audio mixer.
[2020.11.02-02.15.43:257][  0]LogAudioMixer: Display: 0: FrontLeft
[2020.11.02-02.15.43:257][  0]LogAudioMixer: Display: 1: FrontRight
[2020.11.02-02.15.43:303][  0]LogAudioMixer: Display: Using Audio Device Speakers / Headphones (Realtek High Definition Audio)
[2020.11.02-02.15.43:306][  0]LogAudioMixer: Display: Initializing Sound Submixes...
[2020.11.02-02.15.43:309][  0]LogAudioMixer: Display: Creating Master Submix 'MasterSubmixDefault'
[2020.11.02-02.15.43:309][  0]LogAudioMixer: Display: Creating Master Submix 'MasterReverbSubmixDefault'
[2020.11.02-02.15.43:310][  0]LogAudioMixer: Display: Creating Master Submix 'MasterEQSubmixDefault'
[2020.11.02-02.15.43:311][  0]LogInit: FAudioDevice initialized.
[2020.11.02-02.15.43:311][  0]LogNetVersion: Set ProjectVersion to 1.0.0.0. Version Checksum will be recalculated on next use.
[2020.11.02-02.15.43:717][  0]LogDerivedDataCache: Saved boot cache 0.41s 76MB C:/Users/Warner/AppData/Local/UnrealEngine/4.25/DerivedDataCache/Boot.ddc.
[2020.11.02-02.15.43:734][  0]LogInit: Texture streaming: Enabled
[2020.11.02-02.15.43:777][  0]LogEngineSessionManager: EngineSessionManager initialized
[2020.11.02-02.15.43:777][  0]LogEditorSessionSummary: Verbose: Initializing EditorSessionSummaryWriter for editor session tracking
[2020.11.02-02.15.43:783][  0]LogEditorSessionSummary: EditorSessionSummaryWriter initialized
[2020.11.02-02.15.43:891][  0]LogInit: Transaction tracking system initialized
[2020.11.02-02.15.43:915][  0]BlueprintLog: New page: Editor Load
[2020.11.02-02.15.44:020][  0]LocalizationService: Localization service is disabled
[2020.11.02-02.15.44:466][  0]LogCook: Display: Max memory allowance for cook 16384mb min free memory 0mb
[2020.11.02-02.15.44:467][  0]LogCook: Display: Mobile HDR setting 1
[2020.11.02-02.15.45:059][  0]LogFileCache: Scanning file cache for directory 'C:/Users/Warner/Desktop/170Proto/Proto01/Content/' took 0.01s
[2020.11.02-02.15.45:850][  0]LogUnrealEdMisc: Loading editor; pre map load, took 231.090
[2020.11.02-02.15.45:851][  0]Cmd: MAP LOAD FILE="../../../../../../Users/Warner/Desktop/170Proto/Proto01/Content/StarterContent/Maps/roadProto.umap" TEMPLATE=0 SHOWPROGRESS=1 FEATURELEVEL=3
[2020.11.02-02.15.46:076][  0]LogSlate: Took 0.000189 seconds to synchronously load lazily loaded font '../../../Engine/Content/Slate/Fonts/Roboto-Regular.ttf' (155K)
[2020.11.02-02.16.21:179][  0]LogSlate: Window 'Message' being destroyed
[2020.11.02-02.16.21:180][  0]LogWindowsTextInputMethodSystem: Display: IME system now deactivated.
[2020.11.02-02.16.21:183][  0]LogWindowsTextInputMethodSystem: Display: IME system now deactivated.
[2020.11.02-02.16.21:184][  0]Message dialog closed, result: Ok, title: Message, text: Failed to load map!
../../../../../../Users/Warner/Desktop/170Proto/Proto01/Content/StarterContent/Maps/roadProto.umap appears to be an asset file.
[2020.11.02-02.16.21:184][  0]LightingResults: New page: Lighting Build
[2020.11.02-02.16.21:185][  0]LogWorld: UWorld::CleanupWorld for Untitled, bSessionEnded=true, bCleanupResources=true
[2020.11.02-02.16.21:186][  0]LogSlate: InvalidateAllWidgets triggered.  All widgets were invalidated
[2020.11.02-02.16.21:186][  0]MapCheck: New page: Map Check
[2020.11.02-02.16.21:186][  0]LightingResults: New page: Lighting Build
[2020.11.02-02.16.21:202][  0]LogAISub: UAISubsystem::~UAISubsystem EnvQueryManager (000001A3ADE64800), frame # 0
[2020.11.02-02.16.21:202][  0]LogAISub: UAISubsystem::~UAISubsystem AIPerceptionSystem (000001A3ADE95580), frame # 0
[2020.11.02-02.16.21:203][  0]LogUObjectHash: Compacting FUObjectHashTables data took   1.16ms
[2020.11.02-02.16.21:209][  0]LogAIModule: Creating AISystem for world Untitled
[2020.11.02-02.16.21:209][  0]LogAISub: UAISubsystem::UAISubsystem EnvQueryManager (000001A3ADA3C400), frame # 0
[2020.11.02-02.16.21:209][  0]LogAISub: UAISubsystem::UAISubsystem AIPerceptionSystem (000001A396B83240), frame # 0
[2020.11.02-02.16.21:213][  0]LoadErrors: New page: New Map
[2020.11.02-02.16.21:217][  0]LogUnrealEdMisc: Total Editor Startup Time, took 266.457
[2020.11.02-02.16.21:582][  0]LogSlate: Updating window title bar state: overlay mode, drag disabled, window buttons hidden, title bar hidden
[2020.11.02-02.16.21:591][  0]LogSlate: Updating window title bar state: overlay mode, drag disabled, window buttons hidden, title bar hidden
[2020.11.02-02.16.21:601][  0]LogSlate: Updating window title bar state: overlay mode, drag disabled, window buttons hidden, title bar hidden
[2020.11.02-02.16.21:611][  0]LogSlate: Updating window title bar state: overlay mode, drag disabled, window buttons hidden, title bar hidden
[2020.11.02-02.16.21:620][  0]LogCollectionManager: Loaded 0 collections in 0.002910 seconds
[2020.11.02-02.16.21:641][  0]LogFileCache: Scanning file cache for directory 'C:/Users/Warner/Desktop/170Proto/Proto01/Saved/Collections/' took 0.00s
[2020.11.02-02.16.21:641][  0]LogFileCache: Scanning file cache for directory 'C:/Users/Warner/Desktop/170Proto/Proto01/Content/Developers/Warner/Collections/' took 0.00s
[2020.11.02-02.16.21:641][  0]LogFileCache: Scanning file cache for directory 'C:/Users/Warner/Desktop/170Proto/Proto01/Content/Collections/' took 0.00s
[2020.11.02-02.16.21:641][  0]LogContentBrowser: Native class hierarchy populated in 0.0127 seconds. Added 3431 classes and 823 folders.
[2020.11.02-02.16.21:646][  0]LogContentBrowser: Native class hierarchy updated for 'WidgetCarousel' in 0.0006 seconds. Added 0 classes and 0 folders.
[2020.11.02-02.16.22:145][  0]LogContentBrowser: Native class hierarchy updated for 'AddContentDialog' in 0.0015 seconds. Added 0 classes and 0 folders.
[2020.11.02-02.16.22:149][  0]LogContentBrowser: Native class hierarchy updated for 'SceneOutliner' in 0.0013 seconds. Added 2 classes and 0 folders.
[2020.11.02-02.16.22:386][  0]LogSlate: Took 0.000243 seconds to synchronously load lazily loaded font '../../../Engine/Content/Slate/Fonts/Roboto-Bold.ttf' (160K)
[2020.11.02-02.16.22:411][  0]LogSlate: Took 0.019032 seconds to synchronously load lazily loaded font '../../../Engine/Content/Editor/Slate/Fonts/FontAwesome.ttf' (139K)
[2020.11.02-02.16.22:458][  0]LogRenderer: Reallocating scene render targets to support 1256x600 Format 10 NumSamples 1 (Frame:1).
[2020.11.02-02.16.22:578][  0]LogContentBrowser: Native class hierarchy updated for 'HierarchicalLODOutliner' in 0.0007 seconds. Added 0 classes and 0 folders.
[2020.11.02-02.16.22:578][  0]LogLoad: (Engine Initialization) Total time: 267.82 seconds
[2020.11.02-02.16.22:578][  0]LogLoad: (Engine Initialization) Total Blueprint compile time: 0.00 seconds
[2020.11.02-02.16.22:635][  0]LogAssetRegistry: Asset discovery search completed in 111.9565 seconds
[2020.11.02-02.16.22:643][  0]LogCollectionManager: Fixed up redirectors for 0 collections in 0.000004 seconds (updated 0 objects)
[2020.11.02-02.16.22:647][  0]LogContentStreaming: Texture pool size now 1000 MB
[2020.11.02-02.16.22:781][  0]LogSlate: Took 0.094064 seconds to synchronously load lazily loaded font '../../../Engine/Content/Slate/Fonts/Roboto-Light.ttf' (167K)
[2020.11.02-02.16.25:435][309]LogSlate: Window 'Message Log' being destroyed
[2020.11.02-02.16.25:441][309]LogSlate: Window 'Message Log' being destroyed
[2020.11.02-02.16.44:815][549]LogSlate: Took 0.000156 seconds to synchronously load lazily loaded font '../../../Engine/Content/Slate/Fonts/Roboto-Light.ttf' (167K)
[2020.11.02-02.16.46:242][549]LogAssetEditorSubsystem: Opening Asset editor for World /Game/PlayerCharacterBP/Maps/ThirdPersonExampleMap.ThirdPersonExampleMap
[2020.11.02-02.16.46:283][549]LogUObjectHash: Compacting FUObjectHashTables data took   1.83ms
[2020.11.02-02.16.46:286][549]Cmd: MAP LOAD FILE="../../../../../../Users/Warner/Desktop/170Proto/Proto01/Content/PlayerCharacterBP/Maps/ThirdPersonExampleMap.umap" TEMPLATE=0 SHOWPROGRESS=1 FEATURELEVEL=3
[2020.11.02-02.16.46:286][549]LightingResults: New page: Lighting Build
[2020.11.02-02.16.46:286][549]LoadErrors: New page: Loading map: ThirdPersonExampleMap.umap
[2020.11.02-02.16.46:310][549]LogWorld: UWorld::CleanupWorld for Untitled, bSessionEnded=true, bCleanupResources=true
[2020.11.02-02.16.46:310][549]LogSlate: InvalidateAllWidgets triggered.  All widgets were invalidated
[2020.11.02-02.16.46:310][549]MapCheck: New page: Map Check
[2020.11.02-02.16.46:310][549]LightingResults: New page: Lighting Build
[2020.11.02-02.16.46:331][549]LogAISub: UAISubsystem::~UAISubsystem AIPerceptionSystem (000001A396B83240), frame # 2549
[2020.11.02-02.16.46:331][549]LogAISub: UAISubsystem::~UAISubsystem EnvQueryManager (000001A3ADA3C400), frame # 2549
[2020.11.02-02.16.46:333][549]LogUObjectHash: Compacting FUObjectHashTables data took   1.71ms
[2020.11.02-02.16.46:347][549]LogEditorServer: Finished looking for orphan Actors (0.000 secs)
[2020.11.02-02.16.46:347][549]LogAIModule: Creating AISystem for world ThirdPersonExampleMap
[2020.11.02-02.16.46:347][549]LogAISub: UAISubsystem::UAISubsystem EnvQueryManager (000001A3D0859800), frame # 2549
[2020.11.02-02.16.46:347][549]LogAISub: UAISubsystem::UAISubsystem AIPerceptionSystem (000001A3D0A087C0), frame # 2549
[2020.11.02-02.16.46:363][549]LogUObjectHash: Compacting FUObjectHashTables data took   1.09ms
[2020.11.02-02.16.46:413][549]Cmd: MAP CHECKDEP NOCLEARLOG
[2020.11.02-02.16.46:413][549]MapCheck: Map check complete: 0 Error(s), 0 Warning(s), took 0.175ms to complete.
[2020.11.02-02.16.46:413][549]LogFileHelpers: Loading map 'ThirdPersonExampleMap' took 0.128
[2020.11.02-02.16.50:804][920]LogLinker: Warning: While loading '../../../../../../Users/Warner/Desktop/170Proto/Proto01/Content/StarterContent/Maps/Advanced_Lighting.umap' failed to load '/Game/StarterContent/Maps/Advanced_Lighting_BuiltData': Can't find file.
[2020.11.02-02.16.50:805][920]LogLinker: Warning: While loading '../../../../../../Users/Warner/Desktop/170Proto/Proto01/Content/StarterContent/Maps/Advanced_Lighting.umap' failed to load '/Game/StarterContent/Maps/Advanced_Lighting_BuiltData': Can't find file.
[2020.11.02-02.16.50:810][920]LogLinker: Warning: While loading '../../../../../../Users/Warner/Desktop/170Proto/Proto01/Content/StarterContent/Maps/Advanced_Lighting.umap' failed to load '/Game/StarterContent/Maps/Advanced_Lighting_BuiltData': Can't find file.
[2020.11.02-02.16.50:810][920]LogLinker: Warning: While loading '../../../../../../Users/Warner/Desktop/170Proto/Proto01/Content/StarterContent/Maps/Advanced_Lighting.umap' failed to load '/Game/StarterContent/Maps/Advanced_Lighting_BuiltData': Can't find file.
[2020.11.02-02.16.50:814][920]LogLinker: Warning: While loading '../../../../../../Users/Warner/Desktop/170Proto/Proto01/Content/StarterContent/Maps/Advanced_Lighting.umap' failed to load '/Game/StarterContent/Maps/Advanced_Lighting_BuiltData': Can't find file.
[2020.11.02-02.16.50:814][920]LoadErrors: Failed to load /Game/StarterContent/Maps/Advanced_Lighting_BuiltData.Advanced_Lighting_BuiltData Referenced by PersistentLevel
[2020.11.02-02.16.50:814][920]LogLinker: Warning: While loading '../../../../../../Users/Warner/Desktop/170Proto/Proto01/Content/StarterContent/Maps/Advanced_Lighting.umap' failed to load '/Game/StarterContent/Maps/Advanced_Lighting_BuiltData': Can't find file.
[2020.11.02-02.16.50:986][920]LogAssetEditorSubsystem: Opening Asset editor for World /Game/StarterContent/Maps/Advanced_Lighting.Advanced_Lighting
[2020.11.02-02.16.50:998][920]LogUObjectHash: Compacting FUObjectHashTables data took   0.98ms
[2020.11.02-02.16.51:000][920]Cmd: MAP LOAD FILE="../../../../../../Users/Warner/Desktop/170Proto/Proto01/Content/StarterContent/Maps/Advanced_Lighting.umap" TEMPLATE=0 SHOWPROGRESS=1 FEATURELEVEL=3
[2020.11.02-02.16.51:000][920]LightingResults: New page: Lighting Build
[2020.11.02-02.16.51:000][920]LoadErrors: New page: Loading map: Advanced_Lighting.umap
[2020.11.02-02.16.51:002][920]LogWorld: UWorld::CleanupWorld for ThirdPersonExampleMap, bSessionEnded=true, bCleanupResources=true
[2020.11.02-02.16.51:002][920]LogSlate: InvalidateAllWidgets triggered.  All widgets were invalidated
[2020.11.02-02.16.51:002][920]MapCheck: New page: Map Check
[2020.11.02-02.16.51:002][920]LightingResults: New page: Lighting Build
[2020.11.02-02.16.51:011][920]LogAISub: UAISubsystem::~UAISubsystem AIPerceptionSystem (000001A3D0A087C0), frame # 2920
[2020.11.02-02.16.51:011][920]LogAISub: UAISubsystem::~UAISubsystem EnvQueryManager (000001A3D0859800), frame # 2920
[2020.11.02-02.16.51:012][920]LogUObjectHash: Compacting FUObjectHashTables data took   0.97ms
[2020.11.02-02.16.51:016][920]LogEditorServer: Finished looking for orphan Actors (0.000 secs)
[2020.11.02-02.16.51:016][920]LogAIModule: Creating AISystem for world Advanced_Lighting
[2020.11.02-02.16.51:016][920]LogAISub: UAISubsystem::UAISubsystem EnvQueryManager (000001A3D0859600), frame # 2920
[2020.11.02-02.16.51:016][920]LogAISub: UAISubsystem::UAISubsystem AIPerceptionSystem (000001A3D0A7C2C0), frame # 2920
[2020.11.02-02.16.51:027][920]LogUObjectHash: Compacting FUObjectHashTables data took   0.76ms
[2020.11.02-02.16.51:068][920]Cmd: MAP CHECKDEP NOCLEARLOG
[2020.11.02-02.16.51:069][920]MapCheck: Map check complete: 0 Error(s), 0 Warning(s), took 0.148ms to complete.
[2020.11.02-02.16.51:069][920]LogFileHelpers: Loading map 'Advanced_Lighting' took 0.069
[2020.11.02-02.16.52:407][975]LogAssetEditorSubsystem: Opening Asset editor for World /Game/StarterContent/Maps/Minimal_Default.Minimal_Default
[2020.11.02-02.16.52:417][975]LogUObjectHash: Compacting FUObjectHashTables data took   0.99ms
[2020.11.02-02.16.52:419][975]Cmd: MAP LOAD FILE="../../../../../../Users/Warner/Desktop/170Proto/Proto01/Content/StarterContent/Maps/Minimal_Default.umap" TEMPLATE=0 SHOWPROGRESS=1 FEATURELEVEL=3
[2020.11.02-02.16.52:419][975]LightingResults: New page: Lighting Build
[2020.11.02-02.16.52:419][975]LoadErrors: New page: Loading map: Minimal_Default.umap
[2020.11.02-02.16.52:419][975]LogWorld: UWorld::CleanupWorld for Advanced_Lighting, bSessionEnded=true, bCleanupResources=true
[2020.11.02-02.16.52:420][975]LogSlate: InvalidateAllWidgets triggered.  All widgets were invalidated
[2020.11.02-02.16.52:420][975]MapCheck: New page: Map Check
[2020.11.02-02.16.52:420][975]LightingResults: New page: Lighting Build
[2020.11.02-02.16.52:430][975]LogAISub: UAISubsystem::~UAISubsystem AIPerceptionSystem (000001A3D0A7C2C0), frame # 2975
[2020.11.02-02.16.52:430][975]LogAISub: UAISubsystem::~UAISubsystem EnvQueryManager (000001A3D0859600), frame # 2975
[2020.11.02-02.16.52:431][975]LogUObjectHash: Compacting FUObjectHashTables data took   0.89ms
[2020.11.02-02.16.52:434][975]LogEditorServer: Finished looking for orphan Actors (0.000 secs)
[2020.11.02-02.16.52:434][975]LogAIModule: Creating AISystem for world Minimal_Default
[2020.11.02-02.16.52:435][975]LogAISub: UAISubsystem::UAISubsystem EnvQueryManager (000001A3D0858800), frame # 2975
[2020.11.02-02.16.52:435][975]LogAISub: UAISubsystem::UAISubsystem AIPerceptionSystem (000001A3D0A0B9C0), frame # 2975
[2020.11.02-02.16.52:447][975]LogUObjectHash: Compacting FUObjectHashTables data took   0.83ms
[2020.11.02-02.16.52:487][975]Cmd: MAP CHECKDEP NOCLEARLOG
[2020.11.02-02.16.52:488][975]MapCheck: Map check complete: 0 Error(s), 0 Warning(s), took 0.155ms to complete.
[2020.11.02-02.16.52:488][975]LogFileHelpers: Loading map 'Minimal_Default' took 0.069
[2020.11.02-02.16.54:037][ 46]LogAssetEditorSubsystem: Opening Asset editor for World /Game/StarterContent/Maps/StarterMap.StarterMap
[2020.11.02-02.16.54:051][ 46]LogUObjectHash: Compacting FUObjectHashTables data took   1.48ms
[2020.11.02-02.16.54:053][ 46]Cmd: MAP LOAD FILE="../../../../../../Users/Warner/Desktop/170Proto/Proto01/Content/StarterContent/Maps/StarterMap.umap" TEMPLATE=0 SHOWPROGRESS=1 FEATURELEVEL=3
[2020.11.02-02.16.54:053][ 46]LightingResults: New page: Lighting Build
[2020.11.02-02.16.54:053][ 46]LoadErrors: New page: Loading map: StarterMap.umap
[2020.11.02-02.16.54:084][ 46]LogWorld: UWorld::CleanupWorld for Minimal_Default, bSessionEnded=true, bCleanupResources=true
[2020.11.02-02.16.54:084][ 46]LogSlate: InvalidateAllWidgets triggered.  All widgets were invalidated
[2020.11.02-02.16.54:084][ 46]MapCheck: New page: Map Check
[2020.11.02-02.16.54:084][ 46]LightingResults: New page: Lighting Build
[2020.11.02-02.16.54:096][ 46]LogAISub: UAISubsystem::~UAISubsystem AIPerceptionSystem (000001A3D0A0B9C0), frame # 3046
[2020.11.02-02.16.54:096][ 46]LogAISub: UAISubsystem::~UAISubsystem EnvQueryManager (000001A3D0858800), frame # 3046
[2020.11.02-02.16.54:097][ 46]LogUObjectHash: Compacting FUObjectHashTables data took   1.29ms
[2020.11.02-02.16.54:114][ 46]LogEditorServer: Finished looking for orphan Actors (0.000 secs)
[2020.11.02-02.16.54:114][ 46]LogAIModule: Creating AISystem for world StarterMap
[2020.11.02-02.16.54:114][ 46]LogAISub: UAISubsystem::UAISubsystem EnvQueryManager (000001A3D094FE00), frame # 3046
[2020.11.02-02.16.54:114][ 46]LogAISub: UAISubsystem::UAISubsystem AIPerceptionSystem (000001A3E270B380), frame # 3046
[2020.11.02-02.16.54:131][ 46]LogUObjectHash: Compacting FUObjectHashTables data took   1.03ms
[2020.11.02-02.16.54:216][ 46]Cmd: MAP CHECKDEP NOCLEARLOG
[2020.11.02-02.16.54:216][ 46]MapCheck: Map check complete: 0 Error(s), 0 Warning(s), took 0.301ms to complete.
[2020.11.02-02.16.54:216][ 46]LogFileHelpers: Loading map 'StarterMap' took 0.163
