Log file open, 10/28/20 22:57:52
LogInit: Display: Running engine for game: Proto01
LogPlatformFile: Not using cached read wrapper
LogTaskGraph: Started task graph with 5 named threads and 23 total threads with 3 sets of task threads.
LogStats: Stats thread started at 0.246309
LogD3D11RHI: Loaded GFSDK_Aftermath_Lib.x64.dll
LogICUInternationalization: ICU TimeZone Detection - Raw Offset: -8:00, Platform Override: ''
LogPluginManager: Mounting plugin Paper2D
LogPluginManager: Mounting plugin AISupport
LogPluginManager: Mounting plugin LightPropagationVolume
LogPluginManager: Mounting plugin CameraShakePreviewer
LogPluginManager: Mounting plugin ActorLayerUtilities
LogPluginManager: Mounting plugin AnimationSharing
LogPluginManager: Mounting plugin CLionSourceCodeAccess
LogPluginManager: Mounting plugin CodeLiteSourceCodeAccess
LogPluginManager: Mounting plugin GitSourceControl
LogPluginManager: Mounting plugin KDevelopSourceCodeAccess
LogPluginManager: Mounting plugin NullSourceCodeAccess
LogPluginManager: Mounting plugin PerforceSourceControl
LogPluginManager: Mounting plugin PlasticSourceControl
LogPluginManager: Mounting plugin RiderSourceCodeAccess
LogPluginManager: Mounting plugin SubversionSourceControl
LogPluginManager: Mounting plugin UObjectPlugin
LogPluginManager: Mounting plugin VisualStudioCodeSourceCodeAccess
LogPluginManager: Mounting plugin VisualStudioSourceCodeAccess
LogPluginManager: Mounting plugin XCodeSourceCodeAccess
LogPluginManager: Mounting plugin AssetManagerEditor
LogPluginManager: Mounting plugin CryptoKeys
LogPluginManager: Mounting plugin CurveEditorTools
LogPluginManager: Mounting plugin DataValidation
LogPluginManager: Mounting plugin EditorScriptingUtilities
LogPluginManager: Mounting plugin FacialAnimation
LogPluginManager: Mounting plugin GameplayTagsEditor
LogPluginManager: Mounting plugin GeometryMode
LogPluginManager: Mounting plugin MacGraphicsSwitching
LogPluginManager: Mounting plugin MaterialAnalyzer
LogPluginManager: Mounting plugin MobileLauncherProfileWizard
LogPluginManager: Mounting plugin PluginBrowser
LogPluginManager: Mounting plugin SpeedTreeImporter
LogPluginManager: Mounting plugin DatasmithContent
LogPluginManager: Mounting plugin VariantManagerContent
LogPluginManager: Mounting plugin AlembicImporter
LogPluginManager: Mounting plugin AutomationUtils
LogPluginManager: Mounting plugin BackChannel
LogPluginManager: Mounting plugin ChaosCloth
LogPluginManager: Mounting plugin ChaosClothEditor
LogPluginManager: Mounting plugin ChaosEditor
LogPluginManager: Mounting plugin ChaosNiagara
LogPluginManager: Mounting plugin ChaosSolverPlugin
LogPluginManager: Mounting plugin CharacterAI
LogPluginManager: Mounting plugin GeometryCache
LogPluginManager: Mounting plugin GeometryCollectionPlugin
LogPluginManager: Mounting plugin GeometryProcessing
LogPluginManager: Mounting plugin PlanarCut
LogPluginManager: Mounting plugin PlatformCrypto
LogPluginManager: Mounting plugin ProxyLODPlugin
LogPluginManager: Mounting plugin SkeletalReduction
LogPluginManager: Mounting plugin Niagara
LogPluginManager: Mounting plugin MagicLeap
LogPluginManager: Mounting plugin MagicLeapLightEstimation
LogPluginManager: Mounting plugin MagicLeapMedia
LogPluginManager: Mounting plugin MagicLeapPassableWorld
LogPluginManager: Mounting plugin MLSDK
LogPluginManager: Mounting plugin AndroidMedia
LogPluginManager: Mounting plugin AvfMedia
LogPluginManager: Mounting plugin ImgMedia
LogPluginManager: Mounting plugin MediaCompositing
LogPluginManager: Mounting plugin MediaPlayerEditor
LogPluginManager: Mounting plugin WebMMedia
LogPluginManager: Mounting plugin WmfMedia
LogPluginManager: Mounting plugin MeshPainting
LogPluginManager: Mounting plugin TcpMessaging
LogPluginManager: Mounting plugin UdpMessaging
LogPluginManager: Mounting plugin ActorSequence
LogPluginManager: Mounting plugin LevelSequenceEditor
LogPluginManager: Mounting plugin MatineeToLevelSequence
LogPluginManager: Mounting plugin MovieRenderPipeline
LogPluginManager: Mounting plugin TemplateSequence
LogPluginManager: Mounting plugin NetcodeUnitTest
LogPluginManager: Mounting plugin NUTUnrealEngine4
LogPluginManager: Mounting plugin OnlineSubsystemGooglePlay
LogPluginManager: Mounting plugin OnlineSubsystemIOS
LogPluginManager: Mounting plugin OnlineSubsystem
LogPluginManager: Mounting plugin OnlineSubsystemNull
LogPluginManager: Mounting plugin OnlineSubsystemUtils
LogPluginManager: Mounting plugin LauncherChunkInstaller
LogPluginManager: Mounting plugin AndroidDeviceProfileSelector
LogPluginManager: Mounting plugin AndroidMoviePlayer
LogPluginManager: Mounting plugin AndroidPermission
LogPluginManager: Mounting plugin AppleImageUtils
LogPluginManager: Mounting plugin AppleMoviePlayer
LogPluginManager: Mounting plugin ArchVisCharacter
LogPluginManager: Mounting plugin AssetTags
LogPluginManager: Mounting plugin AudioCapture
LogPluginManager: Mounting plugin CableComponent
LogPluginManager: Mounting plugin CustomMeshComponent
LogPluginManager: Mounting plugin EditableMesh
LogPluginManager: Mounting plugin ExampleDeviceProfileSelector
LogPluginManager: Mounting plugin GoogleCloudMessaging
LogPluginManager: Mounting plugin GooglePAD
LogPluginManager: Mounting plugin IOSDeviceProfileSelector
LogPluginManager: Mounting plugin LinuxDeviceProfileSelector
LogPluginManager: Mounting plugin LocationServicesBPLibrary
LogPluginManager: Mounting plugin MobilePatchingUtils
LogPluginManager: Mounting plugin OculusVR
LogPluginManager: Mounting plugin PhysXVehicles
LogPluginManager: Mounting plugin PostSplashScreen
LogPluginManager: Mounting plugin ProceduralMeshComponent
LogPluginManager: Mounting plugin RuntimePhysXCooking
LogPluginManager: Mounting plugin SignificanceManager
LogPluginManager: Mounting plugin SoundFields
LogPluginManager: Mounting plugin SteamVR
LogPluginManager: Mounting plugin Synthesis
LogPluginManager: Mounting plugin WebMMoviePlayer
LogPluginManager: Mounting plugin WindowsMoviePlayer
LogPluginManager: Mounting plugin ScreenshotTools
LogInit: Using libcurl 7.55.1-DEV
LogInit:  - built for x86_64-pc-win32
LogInit:  - supports SSL with OpenSSL/1.1.1
LogInit:  - supports HTTP deflate (compression) using libz 1.2.8
LogInit:  - other features:
LogInit:      CURL_VERSION_SSL
LogInit:      CURL_VERSION_LIBZ
LogInit:      CURL_VERSION_IPV6
LogInit:      CURL_VERSION_ASYNCHDNS
LogInit:      CURL_VERSION_LARGEFILE
LogInit:      CURL_VERSION_IDN
LogInit:  CurlRequestOptions (configurable via config and command line):
LogInit:  - bVerifyPeer = true  - Libcurl will verify peer certificate
LogInit:  - bUseHttpProxy = false  - Libcurl will NOT use HTTP proxy
LogInit:  - bDontReuseConnections = false  - Libcurl will reuse connections
LogInit:  - MaxHostConnections = 16  - Libcurl will limit the number of connections to a host
LogInit:  - LocalHostAddr = Default
LogInit:  - BufferSize = 65536
LogOnline: OSS: Creating online subsystem instance for: NULL
LogInit: WinSock: version 1.1 (2.2), MaxSocks=32767, MaxUdp=65467
LogOnline: OSS: TryLoadSubsystemAndSetDefault: Loaded subsystem for module [NULL]
LogInit: Build: ++UE4+Release-4.25-CL-13942748
LogInit: Engine Version: 4.25.3-13942748+++UE4+Release-4.25
LogInit: Compatible Engine Version: 4.25.0-13144385+++UE4+Release-4.25
LogInit: Net CL: 13144385
LogInit: OS: Windows 10 (Release 1903) (), CPU: Intel(R) Core(TM) i7-4710MQ CPU @ 2.50GHz, GPU: Intel(R) HD Graphics 4600
LogInit: Compiled (64-bit): Jul 25 2020 02:07:48
LogInit: Compiled with Visual C++: 19.24.28315.00
LogInit: Build Configuration: Development
LogInit: Branch Name: ++UE4+Release-4.25
LogInit: Command Line: 
LogInit: Base Directory: C:/Program Files/Epic Games/UE_4.25/Engine/Binaries/Win64/
LogInit: Allocator: TBB
LogInit: Installed Engine Build: 1
LogDevObjectVersion: Number of dev versions registered: 26
LogDevObjectVersion:   Dev-Blueprints (B0D832E4-1F89-4F0D-ACCF-7EB736FD4AA2): 10
LogDevObjectVersion:   Dev-Build (E1C64328-A22C-4D53-A36C-8E866417BD8C): 0
LogDevObjectVersion:   Dev-Core (375EC13C-06E4-48FB-B500-84F0262A717E): 4
LogDevObjectVersion:   Dev-Editor (E4B068ED-F494-42E9-A231-DA0B2E46BB41): 38
LogDevObjectVersion:   Dev-Framework (CFFC743F-43B0-4480-9391-14DF171D2073): 37
LogDevObjectVersion:   Dev-Mobile (B02B49B5-BB20-44E9-A304-32B752E40360): 2
LogDevObjectVersion:   Dev-Networking (A4E4105C-59A1-49B5-A7C5-40C4547EDFEE): 0
LogDevObjectVersion:   Dev-Online (39C831C9-5AE6-47DC-9A44-9C173E1C8E7C): 0
LogDevObjectVersion:   Dev-Physics (78F01B33-EBEA-4F98-B9B4-84EACCB95AA2): 4
LogDevObjectVersion:   Dev-Platform (6631380F-2D4D-43E0-8009-CF276956A95A): 0
LogDevObjectVersion:   Dev-Rendering (12F88B9F-8875-4AFC-A67C-D90C383ABD29): 43
LogDevObjectVersion:   Dev-Sequencer (7B5AE74C-D270-4C10-A958-57980B212A5A): 12
LogDevObjectVersion:   Dev-VR (D7296918-1DD6-4BDD-9DE2-64A83CC13884): 3
LogDevObjectVersion:   Dev-LoadTimes (C2A15278-BFE7-4AFE-6C17-90FF531DF755): 1
LogDevObjectVersion:   Private-Geometry (6EACA3D4-40EC-4CC1-B786-8BED09428FC5): 3
LogDevObjectVersion:   Dev-AnimPhys (29E575DD-E0A3-4627-9D10-D276232CDCEA): 17
LogDevObjectVersion:   Dev-Anim (AF43A65D-7FD3-4947-9873-3E8ED9C1BB05): 7
LogDevObjectVersion:   Dev-ReflectionCapture (6B266CEC-1EC7-4B8F-A30B-E4D90942FC07): 1
LogDevObjectVersion:   Dev-Automation (0DF73D61-A23F-47EA-B727-89E90C41499A): 1
LogDevObjectVersion:   FortniteMain (601D1886-AC64-4F84-AA16-D3DE0DEAC7D6): 31
LogDevObjectVersion:   Dev-Enterprise (9DFFBCD6-494F-0158-E221-12823C92A888): 10
LogDevObjectVersion:   Dev-Niagara (F2AED0AC-9AFE-416F-8664-AA7FFA26D6FC): 1
LogDevObjectVersion:   Dev-Destruction (174F1F0B-B4C6-45A5-B13F-2EE8D0FB917D): 10
LogDevObjectVersion:   Dev-Physics-Ext (35F94A83-E258-406C-A318-09F59610247C): 37
LogDevObjectVersion:   Dev-PhysicsMaterial-Chaos (B68FC16E-8B1B-42E2-B453-215C058844FE): 1
LogDevObjectVersion:   Dev-CineCamera (B2E18506-4273-CFC2-A54E-F4BB758BBA07): 1
LogInit: Presizing for max 25165824 objects, including 0 objects not considered by GC, pre-allocating 0 bytes for permanent pool.
LogConfig: Applying CVar settings from Section [/Script/Engine.StreamingSettings] File [C:/Users/Warner/Desktop/170Proto/Proto01/Saved/Config/Windows/Engine.ini]
LogConfig: Setting CVar [[s.MinBulkDataSizeForAsyncLoading:131072]]
LogConfig: Setting CVar [[s.AsyncLoadingThreadEnabled:0]]
LogConfig: Setting CVar [[s.EventDrivenLoaderEnabled:1]]
LogConfig: Setting CVar [[s.WarnIfTimeLimitExceeded:0]]
LogConfig: Setting CVar [[s.TimeLimitExceededMultiplier:1.5]]
LogConfig: Setting CVar [[s.TimeLimitExceededMinTime:0.005]]
LogConfig: Setting CVar [[s.UseBackgroundLevelStreaming:1]]
LogConfig: Setting CVar [[s.PriorityAsyncLoadingExtraTime:15.0]]
LogConfig: Setting CVar [[s.LevelStreamingActorsUpdateTimeLimit:5.0]]
LogConfig: Setting CVar [[s.PriorityLevelStreamingActorsUpdateExtraTime:5.0]]
LogConfig: Setting CVar [[s.LevelStreamingComponentsRegistrationGranularity:10]]
LogConfig: Setting CVar [[s.UnregisterComponentsTimeLimit:1.0]]
LogConfig: Setting CVar [[s.LevelStreamingComponentsUnregistrationGranularity:5]]
LogConfig: Setting CVar [[s.FlushStreamingOnExit:1]]
LogInit: Object subsystem initialized
LogConfig: Setting CVar [[con.DebugEarlyDefault:1]]
LogConfig: Setting CVar [[r.setres:1280x720]]
[2020.10.29-05.57.53:154][  0]LogConfig: Setting CVar [[r.VSync:0]]
[2020.10.29-05.57.53:154][  0]LogConfig: Setting CVar [[r.RHICmdBypass:0]]
[2020.10.29-05.57.53:154][  0]LogConfig: Applying CVar settings from Section [/Script/Engine.RendererSettings] File [C:/Users/Warner/Desktop/170Proto/Proto01/Saved/Config/Windows/Engine.ini]
[2020.10.29-05.57.53:154][  0]LogConfig: Setting CVar [[r.GPUCrashDebugging:0]]
[2020.10.29-05.57.53:154][  0]LogConfig: Applying CVar settings from Section [/Script/Engine.RendererOverrideSettings] File [C:/Users/Warner/Desktop/170Proto/Proto01/Saved/Config/Windows/Engine.ini]
[2020.10.29-05.57.53:154][  0]LogConfig: Applying CVar settings from Section [/Script/Engine.StreamingSettings] File [C:/Users/Warner/Desktop/170Proto/Proto01/Saved/Config/Windows/Engine.ini]
[2020.10.29-05.57.53:154][  0]LogConfig: Setting CVar [[s.MinBulkDataSizeForAsyncLoading:131072]]
[2020.10.29-05.57.53:154][  0]LogConfig: Setting CVar [[s.AsyncLoadingThreadEnabled:0]]
[2020.10.29-05.57.53:154][  0]LogConfig: Setting CVar [[s.EventDrivenLoaderEnabled:1]]
[2020.10.29-05.57.53:154][  0]LogConfig: Setting CVar [[s.WarnIfTimeLimitExceeded:0]]
[2020.10.29-05.57.53:154][  0]LogConfig: Setting CVar [[s.TimeLimitExceededMultiplier:1.5]]
[2020.10.29-05.57.53:154][  0]LogConfig: Setting CVar [[s.TimeLimitExceededMinTime:0.005]]
[2020.10.29-05.57.53:154][  0]LogConfig: Setting CVar [[s.UseBackgroundLevelStreaming:1]]
[2020.10.29-05.57.53:154][  0]LogConfig: Setting CVar [[s.PriorityAsyncLoadingExtraTime:15.0]]
[2020.10.29-05.57.53:154][  0]LogConfig: Setting CVar [[s.LevelStreamingActorsUpdateTimeLimit:5.0]]
[2020.10.29-05.57.53:154][  0]LogConfig: Setting CVar [[s.PriorityLevelStreamingActorsUpdateExtraTime:5.0]]
[2020.10.29-05.57.53:154][  0]LogConfig: Setting CVar [[s.LevelStreamingComponentsRegistrationGranularity:10]]
[2020.10.29-05.57.53:154][  0]LogConfig: Setting CVar [[s.UnregisterComponentsTimeLimit:1.0]]
[2020.10.29-05.57.53:154][  0]LogConfig: Setting CVar [[s.LevelStreamingComponentsUnregistrationGranularity:5]]
[2020.10.29-05.57.53:154][  0]LogConfig: Setting CVar [[s.FlushStreamingOnExit:1]]
[2020.10.29-05.57.53:154][  0]LogConfig: Applying CVar settings from Section [/Script/Engine.GarbageCollectionSettings] File [C:/Users/Warner/Desktop/170Proto/Proto01/Saved/Config/Windows/Engine.ini]
[2020.10.29-05.57.53:154][  0]LogConfig: Setting CVar [[gc.MaxObjectsNotConsideredByGC:1]]
[2020.10.29-05.57.53:154][  0]LogConfig: Setting CVar [[gc.SizeOfPermanentObjectPool:0]]
[2020.10.29-05.57.53:154][  0]LogConfig: Setting CVar [[gc.FlushStreamingOnGC:0]]
[2020.10.29-05.57.53:154][  0]LogConfig: Setting CVar [[gc.NumRetriesBeforeForcingGC:10]]
[2020.10.29-05.57.53:154][  0]LogConfig: Setting CVar [[gc.AllowParallelGC:1]]
[2020.10.29-05.57.53:154][  0]LogConfig: Setting CVar [[gc.TimeBetweenPurgingPendingKillObjects:61.1]]
[2020.10.29-05.57.53:154][  0]LogConfig: Setting CVar [[gc.MaxObjectsInEditor:25165824]]
[2020.10.29-05.57.53:154][  0]LogConfig: Setting CVar [[gc.IncrementalBeginDestroyEnabled:1]]
[2020.10.29-05.57.53:154][  0]LogConfig: Setting CVar [[gc.CreateGCClusters:1]]
[2020.10.29-05.57.53:154][  0]LogConfig: Setting CVar [[gc.MinGCClusterSize:5]]
[2020.10.29-05.57.53:154][  0]LogConfig: Setting CVar [[gc.ActorClusteringEnabled:0]]
[2020.10.29-05.57.53:154][  0]LogConfig: Setting CVar [[gc.BlueprintClusteringEnabled:0]]
[2020.10.29-05.57.53:154][  0]LogConfig: Setting CVar [[gc.UseDisregardForGCOnDedicatedServers:0]]
[2020.10.29-05.57.53:154][  0]LogConfig: Applying CVar settings from Section [/Script/Engine.NetworkSettings] File [C:/Users/Warner/Desktop/170Proto/Proto01/Saved/Config/Windows/Engine.ini]
[2020.10.29-05.57.53:154][  0]LogConfig: Applying CVar settings from Section [/Script/UnrealEd.CookerSettings] File [C:/Users/Warner/Desktop/170Proto/Proto01/Saved/Config/Windows/Engine.ini]
[2020.10.29-05.57.53:157][  0]LogConfig: Applying CVar settings from Section [ViewDistanceQuality@3] File [C:/Users/Warner/Desktop/170Proto/Proto01/Saved/Config/Windows/Scalability.ini]
[2020.10.29-05.57.53:157][  0]LogConfig: Setting CVar [[r.SkeletalMeshLODBias:0]]
[2020.10.29-05.57.53:157][  0]LogConfig: Setting CVar [[r.ViewDistanceScale:1.0]]
[2020.10.29-05.57.53:157][  0]LogConfig: Applying CVar settings from Section [AntiAliasingQuality@3] File [C:/Users/Warner/Desktop/170Proto/Proto01/Saved/Config/Windows/Scalability.ini]
[2020.10.29-05.57.53:157][  0]LogConfig: Setting CVar [[r.PostProcessAAQuality:4]]
[2020.10.29-05.57.53:157][  0]LogConfig: Applying CVar settings from Section [ShadowQuality@3] File [C:/Users/Warner/Desktop/170Proto/Proto01/Saved/Config/Windows/Scalability.ini]
[2020.10.29-05.57.53:157][  0]LogConfig: Setting CVar [[r.LightFunctionQuality:1]]
[2020.10.29-05.57.53:157][  0]LogConfig: Setting CVar [[r.ShadowQuality:5]]
[2020.10.29-05.57.53:157][  0]LogConfig: Setting CVar [[r.Shadow.CSM.MaxCascades:10]]
[2020.10.29-05.57.53:157][  0]LogConfig: Setting CVar [[r.Shadow.MaxResolution:2048]]
[2020.10.29-05.57.53:157][  0]LogConfig: Setting CVar [[r.Shadow.MaxCSMResolution:2048]]
[2020.10.29-05.57.53:157][  0]LogConfig: Setting CVar [[r.Shadow.RadiusThreshold:0.01]]
[2020.10.29-05.57.53:157][  0]LogConfig: Setting CVar [[r.Shadow.DistanceScale:1.0]]
[2020.10.29-05.57.53:157][  0]LogConfig: Setting CVar [[r.Shadow.CSM.TransitionScale:1.0]]
[2020.10.29-05.57.53:157][  0]LogConfig: Setting CVar [[r.Shadow.PreShadowResolutionFactor:1.0]]
[2020.10.29-05.57.53:157][  0]LogConfig: Setting CVar [[r.DistanceFieldShadowing:1]]
[2020.10.29-05.57.53:157][  0]LogConfig: Setting CVar [[r.DistanceFieldAO:1]]
[2020.10.29-05.57.53:157][  0]LogConfig: Setting CVar [[r.AOQuality:2]]
[2020.10.29-05.57.53:157][  0]LogConfig: Setting CVar [[r.VolumetricFog:1]]
[2020.10.29-05.57.53:157][  0]LogConfig: Setting CVar [[r.VolumetricFog.GridPixelSize:8]]
[2020.10.29-05.57.53:157][  0]LogConfig: Setting CVar [[r.VolumetricFog.GridSizeZ:128]]
[2020.10.29-05.57.53:157][  0]LogConfig: Setting CVar [[r.VolumetricFog.HistoryMissSupersampleCount:4]]
[2020.10.29-05.57.53:157][  0]LogConfig: Setting CVar [[r.LightMaxDrawDistanceScale:1]]
[2020.10.29-05.57.53:157][  0]LogConfig: Setting CVar [[r.CapsuleShadows:1]]
[2020.10.29-05.57.53:157][  0]LogConfig: Applying CVar settings from Section [PostProcessQuality@3] File [C:/Users/Warner/Desktop/170Proto/Proto01/Saved/Config/Windows/Scalability.ini]
[2020.10.29-05.57.53:157][  0]LogConfig: Setting CVar [[r.MotionBlurQuality:4]]
[2020.10.29-05.57.53:157][  0]LogConfig: Setting CVar [[r.AmbientOcclusionMipLevelFactor:0.4]]
[2020.10.29-05.57.53:157][  0]LogConfig: Setting CVar [[r.AmbientOcclusionMaxQuality:100]]
[2020.10.29-05.57.53:157][  0]LogConfig: Setting CVar [[r.AmbientOcclusionLevels:-1]]
[2020.10.29-05.57.53:157][  0]LogConfig: Setting CVar [[r.AmbientOcclusionRadiusScale:1.0]]
[2020.10.29-05.57.53:157][  0]LogConfig: Setting CVar [[r.DepthOfFieldQuality:2]]
[2020.10.29-05.57.53:157][  0]LogConfig: Setting CVar [[r.RenderTargetPoolMin:400]]
[2020.10.29-05.57.53:157][  0]LogConfig: Setting CVar [[r.LensFlareQuality:2]]
[2020.10.29-05.57.53:157][  0]LogConfig: Setting CVar [[r.SceneColorFringeQuality:1]]
[2020.10.29-05.57.53:157][  0]LogConfig: Setting CVar [[r.EyeAdaptationQuality:2]]
[2020.10.29-05.57.53:157][  0]LogConfig: Setting CVar [[r.BloomQuality:5]]
[2020.10.29-05.57.53:158][  0]LogConfig: Setting CVar [[r.FastBlurThreshold:100]]
[2020.10.29-05.57.53:158][  0]LogConfig: Setting CVar [[r.Upscale.Quality:3]]
[2020.10.29-05.57.53:158][  0]LogConfig: Setting CVar [[r.Tonemapper.GrainQuantization:1]]
[2020.10.29-05.57.53:158][  0]LogConfig: Setting CVar [[r.LightShaftQuality:1]]
[2020.10.29-05.57.53:158][  0]LogConfig: Setting CVar [[r.Filter.SizeScale:1]]
[2020.10.29-05.57.53:158][  0]LogConfig: Setting CVar [[r.Tonemapper.Quality:5]]
[2020.10.29-05.57.53:158][  0]LogConfig: Setting CVar [[r.DOF.Gather.AccumulatorQuality:1        ; higher gathering accumulator quality]]
[2020.10.29-05.57.53:158][  0]LogConfig: Setting CVar [[r.DOF.Gather.PostfilterMethod:1          ; Median3x3 postfilering method]]
[2020.10.29-05.57.53:158][  0]LogConfig: Setting CVar [[r.DOF.Gather.EnableBokehSettings:0       ; no bokeh simulation when gathering]]
[2020.10.29-05.57.53:158][  0]LogConfig: Setting CVar [[r.DOF.Gather.RingCount:4                 ; medium number of samples when gathering]]
[2020.10.29-05.57.53:158][  0]LogConfig: Setting CVar [[r.DOF.Scatter.ForegroundCompositing:1    ; additive foreground scattering]]
[2020.10.29-05.57.53:158][  0]LogConfig: Setting CVar [[r.DOF.Scatter.BackgroundCompositing:2    ; additive background scattering]]
[2020.10.29-05.57.53:158][  0]LogConfig: Setting CVar [[r.DOF.Scatter.EnableBokehSettings:1      ; bokeh simulation when scattering]]
[2020.10.29-05.57.53:158][  0]LogConfig: Setting CVar [[r.DOF.Scatter.MaxSpriteRatio:0.1         ; only a maximum of 10% of scattered bokeh]]
[2020.10.29-05.57.53:158][  0]LogConfig: Setting CVar [[r.DOF.Recombine.Quality:1                ; cheap slight out of focus]]
[2020.10.29-05.57.53:158][  0]LogConfig: Setting CVar [[r.DOF.Recombine.EnableBokehSettings:0    ; no bokeh simulation on slight out of focus]]
[2020.10.29-05.57.53:158][  0]LogConfig: Setting CVar [[r.DOF.TemporalAAQuality:1                ; more stable temporal accumulation]]
[2020.10.29-05.57.53:158][  0]LogConfig: Setting CVar [[r.DOF.Kernel.MaxForegroundRadius:0.025]]
[2020.10.29-05.57.53:158][  0]LogConfig: Setting CVar [[r.DOF.Kernel.MaxBackgroundRadius:0.025]]
[2020.10.29-05.57.53:158][  0]LogConfig: Applying CVar settings from Section [TextureQuality@3] File [C:/Users/Warner/Desktop/170Proto/Proto01/Saved/Config/Windows/Scalability.ini]
[2020.10.29-05.57.53:158][  0]LogConfig: Setting CVar [[r.Streaming.MipBias:0]]
[2020.10.29-05.57.53:158][  0]LogConfig: Setting CVar [[r.Streaming.AmortizeCPUToGPUCopy:0]]
[2020.10.29-05.57.53:158][  0]LogConfig: Setting CVar [[r.Streaming.MaxNumTexturesToStreamPerFrame:0]]
[2020.10.29-05.57.53:158][  0]LogConfig: Setting CVar [[r.Streaming.Boost:1]]
[2020.10.29-05.57.53:158][  0]LogConfig: Setting CVar [[r.MaxAnisotropy:8]]
[2020.10.29-05.57.53:158][  0]LogConfig: Setting CVar [[r.VT.MaxAnisotropy:8]]
[2020.10.29-05.57.53:158][  0]LogConfig: Setting CVar [[r.Streaming.LimitPoolSizeToVRAM:0]]
[2020.10.29-05.57.53:158][  0]LogConfig: Setting CVar [[r.Streaming.PoolSize:1000]]
[2020.10.29-05.57.53:158][  0]LogConfig: Setting CVar [[r.Streaming.MaxEffectiveScreenSize:0]]
[2020.10.29-05.57.53:158][  0]LogConfig: Applying CVar settings from Section [EffectsQuality@3] File [C:/Users/Warner/Desktop/170Proto/Proto01/Saved/Config/Windows/Scalability.ini]
[2020.10.29-05.57.53:158][  0]LogConfig: Setting CVar [[r.TranslucencyLightingVolumeDim:64]]
[2020.10.29-05.57.53:158][  0]LogConfig: Setting CVar [[r.RefractionQuality:2]]
[2020.10.29-05.57.53:158][  0]LogConfig: Setting CVar [[r.SSR.Quality:3]]
[2020.10.29-05.57.53:158][  0]LogConfig: Setting CVar [[r.SSR.HalfResSceneColor:0]]
[2020.10.29-05.57.53:158][  0]LogConfig: Setting CVar [[r.SceneColorFormat:4]]
[2020.10.29-05.57.53:158][  0]LogConfig: Setting CVar [[r.DetailMode:2]]
[2020.10.29-05.57.53:158][  0]LogConfig: Setting CVar [[r.TranslucencyVolumeBlur:1]]
[2020.10.29-05.57.53:158][  0]LogConfig: Setting CVar [[r.MaterialQualityLevel:1 ; High quality]]
[2020.10.29-05.57.53:158][  0]LogConfig: Setting CVar [[r.SSS.Scale:1]]
[2020.10.29-05.57.53:158][  0]LogConfig: Setting CVar [[r.SSS.SampleSet:2]]
[2020.10.29-05.57.53:158][  0]LogConfig: Setting CVar [[r.SSS.Quality:1]]
[2020.10.29-05.57.53:158][  0]LogConfig: Setting CVar [[r.SSS.HalfRes:0]]
[2020.10.29-05.57.53:158][  0]LogConfig: Setting CVar [[r.SSGI.Quality:3]]
[2020.10.29-05.57.53:158][  0]LogConfig: Setting CVar [[r.EmitterSpawnRateScale:1.0]]
[2020.10.29-05.57.53:158][  0]LogConfig: Setting CVar [[r.ParticleLightQuality:2]]
[2020.10.29-05.57.53:158][  0]LogConfig: Setting CVar [[r.SkyAtmosphere.AerialPerspectiveLUT.FastApplyOnOpaque:1 ; Always have FastSkyLUT 1 in this case to avoid wrong sky]]
[2020.10.29-05.57.53:158][  0]LogConfig: Setting CVar [[r.SkyAtmosphere.AerialPerspectiveLUT.SampleCountPerSlice:1]]
[2020.10.29-05.57.53:158][  0]LogConfig: Setting CVar [[r.SkyAtmosphere.AerialPerspectiveLUT.DepthResolution:16.0]]
[2020.10.29-05.57.53:158][  0]LogConfig: Setting CVar [[r.SkyAtmosphere.FastSkyLUT:1]]
[2020.10.29-05.57.53:158][  0]LogConfig: Setting CVar [[r.SkyAtmosphere.FastSkyLUT.SampleCountMin:4.0]]
[2020.10.29-05.57.53:158][  0]LogConfig: Setting CVar [[r.SkyAtmosphere.FastSkyLUT.SampleCountMax:32.0]]
[2020.10.29-05.57.53:158][  0]LogConfig: Setting CVar [[r.SkyAtmosphere.SampleCountMin:4.0]]
[2020.10.29-05.57.53:158][  0]LogConfig: Setting CVar [[r.SkyAtmosphere.SampleCountMax:32.0]]
[2020.10.29-05.57.53:158][  0]LogConfig: Setting CVar [[r.SkyAtmosphere.TransmittanceLUT.UseSmallFormat:0]]
[2020.10.29-05.57.53:158][  0]LogConfig: Setting CVar [[r.SkyAtmosphere.TransmittanceLUT.SampleCount:10.0]]
[2020.10.29-05.57.53:158][  0]LogConfig: Setting CVar [[r.SkyAtmosphere.MultiScatteringLUT.SampleCount:15.0]]
[2020.10.29-05.57.53:158][  0]LogConfig: Applying CVar settings from Section [FoliageQuality@3] File [C:/Users/Warner/Desktop/170Proto/Proto01/Saved/Config/Windows/Scalability.ini]
[2020.10.29-05.57.53:158][  0]LogConfig: Setting CVar [[foliage.DensityScale:1.0]]
[2020.10.29-05.57.53:158][  0]LogConfig: Setting CVar [[grass.DensityScale:1.0]]
[2020.10.29-05.57.53:158][  0]LogConfig: Applying CVar settings from Section [ShadingQuality@3] File [C:/Users/Warner/Desktop/170Proto/Proto01/Saved/Config/Windows/Scalability.ini]
[2020.10.29-05.57.53:158][  0]LogConfig: Setting CVar [[r.HairStrands.SkyLighting.SampleCount:16]]
[2020.10.29-05.57.53:158][  0]LogConfig: Setting CVar [[r.HairStrands.SkyLighting.JitterIntegration:0]]
[2020.10.29-05.57.53:158][  0]LogConfig: Setting CVar [[r.HairStrands.SkyAO.SampleCount:16]]
[2020.10.29-05.57.53:158][  0]LogConfig: Setting CVar [[r.HairStrands.DeepShadow.SuperSampling:0]]
[2020.10.29-05.57.53:158][  0]LogConfig: Setting CVar [[r.HairStrands.VisibilityPPLL:0]]
[2020.10.29-05.57.53:158][  0]LogConfig: Setting CVar [[r.HairStrands.RasterizationScale:0.5]]
[2020.10.29-05.57.53:158][  0]LogConfig: Setting CVar [[r.HairStrands.VelocityRasterizationScale:1]]
[2020.10.29-05.57.53:158][  0]LogInit: Selected Device Profile: [Windows]
[2020.10.29-05.57.53:158][  0]LogInit: Applying CVar settings loaded from the selected device profile: [Windows]
[2020.10.29-05.57.53:159][  0]LogHAL: Display: Platform has ~ 16 GB [17059344384 / 17179869184 / 16], which maps to Larger [LargestMinGB=32, LargerMinGB=12, DefaultMinGB=8, SmallerMinGB=6, SmallestMinGB=0)
[2020.10.29-05.57.53:159][  0]LogInit: Going up to parent DeviceProfile []
[2020.10.29-05.57.53:159][  0]LogConfig: Applying CVar settings from Section [ViewDistanceQuality@3] File [C:/Users/Warner/Desktop/170Proto/Proto01/Saved/Config/Windows/Scalability.ini]
[2020.10.29-05.57.53:159][  0]LogConfig: Setting CVar [[r.SkeletalMeshLODBias:0]]
[2020.10.29-05.57.53:159][  0]LogConfig: Setting CVar [[r.ViewDistanceScale:1.0]]
[2020.10.29-05.57.53:159][  0]LogConfig: Applying CVar settings from Section [AntiAliasingQuality@3] File [C:/Users/Warner/Desktop/170Proto/Proto01/Saved/Config/Windows/Scalability.ini]
[2020.10.29-05.57.53:159][  0]LogConfig: Setting CVar [[r.PostProcessAAQuality:4]]
[2020.10.29-05.57.53:159][  0]LogConfig: Applying CVar settings from Section [ShadowQuality@3] File [C:/Users/Warner/Desktop/170Proto/Proto01/Saved/Config/Windows/Scalability.ini]
[2020.10.29-05.57.53:159][  0]LogConfig: Setting CVar [[r.LightFunctionQuality:1]]
[2020.10.29-05.57.53:159][  0]LogConfig: Setting CVar [[r.ShadowQuality:5]]
[2020.10.29-05.57.53:159][  0]LogConfig: Setting CVar [[r.Shadow.CSM.MaxCascades:10]]
[2020.10.29-05.57.53:159][  0]LogConfig: Setting CVar [[r.Shadow.MaxResolution:2048]]
[2020.10.29-05.57.53:159][  0]LogConfig: Setting CVar [[r.Shadow.MaxCSMResolution:2048]]
[2020.10.29-05.57.53:159][  0]LogConfig: Setting CVar [[r.Shadow.RadiusThreshold:0.01]]
[2020.10.29-05.57.53:159][  0]LogConfig: Setting CVar [[r.Shadow.DistanceScale:1.0]]
[2020.10.29-05.57.53:159][  0]LogConfig: Setting CVar [[r.Shadow.CSM.TransitionScale:1.0]]
[2020.10.29-05.57.53:159][  0]LogConfig: Setting CVar [[r.Shadow.PreShadowResolutionFactor:1.0]]
[2020.10.29-05.57.53:159][  0]LogConfig: Setting CVar [[r.DistanceFieldShadowing:1]]
[2020.10.29-05.57.53:159][  0]LogConfig: Setting CVar [[r.DistanceFieldAO:1]]
[2020.10.29-05.57.53:159][  0]LogConfig: Setting CVar [[r.AOQuality:2]]
[2020.10.29-05.57.53:159][  0]LogConfig: Setting CVar [[r.VolumetricFog:1]]
[2020.10.29-05.57.53:159][  0]LogConfig: Setting CVar [[r.VolumetricFog.GridPixelSize:8]]
[2020.10.29-05.57.53:159][  0]LogConfig: Setting CVar [[r.VolumetricFog.GridSizeZ:128]]
[2020.10.29-05.57.53:159][  0]LogConfig: Setting CVar [[r.VolumetricFog.HistoryMissSupersampleCount:4]]
[2020.10.29-05.57.53:159][  0]LogConfig: Setting CVar [[r.LightMaxDrawDistanceScale:1]]
[2020.10.29-05.57.53:159][  0]LogConfig: Setting CVar [[r.CapsuleShadows:1]]
[2020.10.29-05.57.53:159][  0]LogConfig: Applying CVar settings from Section [PostProcessQuality@3] File [C:/Users/Warner/Desktop/170Proto/Proto01/Saved/Config/Windows/Scalability.ini]
[2020.10.29-05.57.53:159][  0]LogConfig: Setting CVar [[r.MotionBlurQuality:4]]
[2020.10.29-05.57.53:159][  0]LogConfig: Setting CVar [[r.AmbientOcclusionMipLevelFactor:0.4]]
[2020.10.29-05.57.53:159][  0]LogConfig: Setting CVar [[r.AmbientOcclusionMaxQuality:100]]
[2020.10.29-05.57.53:159][  0]LogConfig: Setting CVar [[r.AmbientOcclusionLevels:-1]]
[2020.10.29-05.57.53:159][  0]LogConfig: Setting CVar [[r.AmbientOcclusionRadiusScale:1.0]]
[2020.10.29-05.57.53:159][  0]LogConfig: Setting CVar [[r.DepthOfFieldQuality:2]]
[2020.10.29-05.57.53:159][  0]LogConfig: Setting CVar [[r.RenderTargetPoolMin:400]]
[2020.10.29-05.57.53:159][  0]LogConfig: Setting CVar [[r.LensFlareQuality:2]]
[2020.10.29-05.57.53:159][  0]LogConfig: Setting CVar [[r.SceneColorFringeQuality:1]]
[2020.10.29-05.57.53:159][  0]LogConfig: Setting CVar [[r.EyeAdaptationQuality:2]]
[2020.10.29-05.57.53:159][  0]LogConfig: Setting CVar [[r.BloomQuality:5]]
[2020.10.29-05.57.53:159][  0]LogConfig: Setting CVar [[r.FastBlurThreshold:100]]
[2020.10.29-05.57.53:159][  0]LogConfig: Setting CVar [[r.Upscale.Quality:3]]
[2020.10.29-05.57.53:159][  0]LogConfig: Setting CVar [[r.Tonemapper.GrainQuantization:1]]
[2020.10.29-05.57.53:159][  0]LogConfig: Setting CVar [[r.LightShaftQuality:1]]
[2020.10.29-05.57.53:159][  0]LogConfig: Setting CVar [[r.Filter.SizeScale:1]]
[2020.10.29-05.57.53:159][  0]LogConfig: Setting CVar [[r.Tonemapper.Quality:5]]
[2020.10.29-05.57.53:159][  0]LogConfig: Setting CVar [[r.DOF.Gather.AccumulatorQuality:1        ; higher gathering accumulator quality]]
[2020.10.29-05.57.53:159][  0]LogConfig: Setting CVar [[r.DOF.Gather.PostfilterMethod:1          ; Median3x3 postfilering method]]
[2020.10.29-05.57.53:159][  0]LogConfig: Setting CVar [[r.DOF.Gather.EnableBokehSettings:0       ; no bokeh simulation when gathering]]
[2020.10.29-05.57.53:159][  0]LogConfig: Setting CVar [[r.DOF.Gather.RingCount:4                 ; medium number of samples when gathering]]
[2020.10.29-05.57.53:159][  0]LogConfig: Setting CVar [[r.DOF.Scatter.ForegroundCompositing:1    ; additive foreground scattering]]
[2020.10.29-05.57.53:159][  0]LogConfig: Setting CVar [[r.DOF.Scatter.BackgroundCompositing:2    ; additive background scattering]]
[2020.10.29-05.57.53:159][  0]LogConfig: Setting CVar [[r.DOF.Scatter.EnableBokehSettings:1      ; bokeh simulation when scattering]]
[2020.10.29-05.57.53:159][  0]LogConfig: Setting CVar [[r.DOF.Scatter.MaxSpriteRatio:0.1         ; only a maximum of 10% of scattered bokeh]]
[2020.10.29-05.57.53:159][  0]LogConfig: Setting CVar [[r.DOF.Recombine.Quality:1                ; cheap slight out of focus]]
[2020.10.29-05.57.53:159][  0]LogConfig: Setting CVar [[r.DOF.Recombine.EnableBokehSettings:0    ; no bokeh simulation on slight out of focus]]
[2020.10.29-05.57.53:159][  0]LogConfig: Setting CVar [[r.DOF.TemporalAAQuality:1                ; more stable temporal accumulation]]
[2020.10.29-05.57.53:159][  0]LogConfig: Setting CVar [[r.DOF.Kernel.MaxForegroundRadius:0.025]]
[2020.10.29-05.57.53:159][  0]LogConfig: Setting CVar [[r.DOF.Kernel.MaxBackgroundRadius:0.025]]
[2020.10.29-05.57.53:159][  0]LogConfig: Applying CVar settings from Section [TextureQuality@3] File [C:/Users/Warner/Desktop/170Proto/Proto01/Saved/Config/Windows/Scalability.ini]
[2020.10.29-05.57.53:159][  0]LogConfig: Setting CVar [[r.Streaming.MipBias:0]]
[2020.10.29-05.57.53:159][  0]LogConfig: Setting CVar [[r.Streaming.AmortizeCPUToGPUCopy:0]]
[2020.10.29-05.57.53:159][  0]LogConfig: Setting CVar [[r.Streaming.MaxNumTexturesToStreamPerFrame:0]]
[2020.10.29-05.57.53:159][  0]LogConfig: Setting CVar [[r.Streaming.Boost:1]]
[2020.10.29-05.57.53:159][  0]LogConfig: Setting CVar [[r.MaxAnisotropy:8]]
[2020.10.29-05.57.53:159][  0]LogConfig: Setting CVar [[r.VT.MaxAnisotropy:8]]
[2020.10.29-05.57.53:159][  0]LogConfig: Setting CVar [[r.Streaming.LimitPoolSizeToVRAM:0]]
[2020.10.29-05.57.53:159][  0]LogConfig: Setting CVar [[r.Streaming.PoolSize:1000]]
[2020.10.29-05.57.53:160][  0]LogConfig: Setting CVar [[r.Streaming.MaxEffectiveScreenSize:0]]
[2020.10.29-05.57.53:160][  0]LogConfig: Applying CVar settings from Section [EffectsQuality@3] File [C:/Users/Warner/Desktop/170Proto/Proto01/Saved/Config/Windows/Scalability.ini]
[2020.10.29-05.57.53:160][  0]LogConfig: Setting CVar [[r.TranslucencyLightingVolumeDim:64]]
[2020.10.29-05.57.53:160][  0]LogConfig: Setting CVar [[r.RefractionQuality:2]]
[2020.10.29-05.57.53:160][  0]LogConfig: Setting CVar [[r.SSR.Quality:3]]
[2020.10.29-05.57.53:160][  0]LogConfig: Setting CVar [[r.SSR.HalfResSceneColor:0]]
[2020.10.29-05.57.53:160][  0]LogConfig: Setting CVar [[r.SceneColorFormat:4]]
[2020.10.29-05.57.53:160][  0]LogConfig: Setting CVar [[r.DetailMode:2]]
[2020.10.29-05.57.53:160][  0]LogConfig: Setting CVar [[r.TranslucencyVolumeBlur:1]]
[2020.10.29-05.57.53:160][  0]LogConfig: Setting CVar [[r.MaterialQualityLevel:1 ; High quality]]
[2020.10.29-05.57.53:160][  0]LogConfig: Setting CVar [[r.SSS.Scale:1]]
[2020.10.29-05.57.53:160][  0]LogConfig: Setting CVar [[r.SSS.SampleSet:2]]
[2020.10.29-05.57.53:160][  0]LogConfig: Setting CVar [[r.SSS.Quality:1]]
[2020.10.29-05.57.53:160][  0]LogConfig: Setting CVar [[r.SSS.HalfRes:0]]
[2020.10.29-05.57.53:160][  0]LogConfig: Setting CVar [[r.SSGI.Quality:3]]
[2020.10.29-05.57.53:160][  0]LogConfig: Setting CVar [[r.EmitterSpawnRateScale:1.0]]
[2020.10.29-05.57.53:160][  0]LogConfig: Setting CVar [[r.ParticleLightQuality:2]]
[2020.10.29-05.57.53:160][  0]LogConfig: Setting CVar [[r.SkyAtmosphere.AerialPerspectiveLUT.FastApplyOnOpaque:1 ; Always have FastSkyLUT 1 in this case to avoid wrong sky]]
[2020.10.29-05.57.53:160][  0]LogConfig: Setting CVar [[r.SkyAtmosphere.AerialPerspectiveLUT.SampleCountPerSlice:1]]
[2020.10.29-05.57.53:160][  0]LogConfig: Setting CVar [[r.SkyAtmosphere.AerialPerspectiveLUT.DepthResolution:16.0]]
[2020.10.29-05.57.53:160][  0]LogConfig: Setting CVar [[r.SkyAtmosphere.FastSkyLUT:1]]
[2020.10.29-05.57.53:160][  0]LogConfig: Setting CVar [[r.SkyAtmosphere.FastSkyLUT.SampleCountMin:4.0]]
[2020.10.29-05.57.53:160][  0]LogConfig: Setting CVar [[r.SkyAtmosphere.FastSkyLUT.SampleCountMax:32.0]]
[2020.10.29-05.57.53:160][  0]LogConfig: Setting CVar [[r.SkyAtmosphere.SampleCountMin:4.0]]
[2020.10.29-05.57.53:160][  0]LogConfig: Setting CVar [[r.SkyAtmosphere.SampleCountMax:32.0]]
[2020.10.29-05.57.53:160][  0]LogConfig: Setting CVar [[r.SkyAtmosphere.TransmittanceLUT.UseSmallFormat:0]]
[2020.10.29-05.57.53:160][  0]LogConfig: Setting CVar [[r.SkyAtmosphere.TransmittanceLUT.SampleCount:10.0]]
[2020.10.29-05.57.53:160][  0]LogConfig: Setting CVar [[r.SkyAtmosphere.MultiScatteringLUT.SampleCount:15.0]]
[2020.10.29-05.57.53:160][  0]LogConfig: Applying CVar settings from Section [FoliageQuality@3] File [C:/Users/Warner/Desktop/170Proto/Proto01/Saved/Config/Windows/Scalability.ini]
[2020.10.29-05.57.53:160][  0]LogConfig: Setting CVar [[foliage.DensityScale:1.0]]
[2020.10.29-05.57.53:160][  0]LogConfig: Setting CVar [[grass.DensityScale:1.0]]
[2020.10.29-05.57.53:160][  0]LogConfig: Applying CVar settings from Section [ShadingQuality@3] File [C:/Users/Warner/Desktop/170Proto/Proto01/Saved/Config/Windows/Scalability.ini]
[2020.10.29-05.57.53:160][  0]LogConfig: Setting CVar [[r.HairStrands.SkyLighting.SampleCount:16]]
[2020.10.29-05.57.53:160][  0]LogConfig: Setting CVar [[r.HairStrands.SkyLighting.JitterIntegration:0]]
[2020.10.29-05.57.53:160][  0]LogConfig: Setting CVar [[r.HairStrands.SkyAO.SampleCount:16]]
[2020.10.29-05.57.53:160][  0]LogConfig: Setting CVar [[r.HairStrands.DeepShadow.SuperSampling:0]]
[2020.10.29-05.57.53:160][  0]LogConfig: Setting CVar [[r.HairStrands.VisibilityPPLL:0]]
[2020.10.29-05.57.53:160][  0]LogConfig: Setting CVar [[r.HairStrands.RasterizationScale:0.5]]
[2020.10.29-05.57.53:160][  0]LogConfig: Setting CVar [[r.HairStrands.VelocityRasterizationScale:1]]
[2020.10.29-05.57.53:160][  0]LogConfig: Applying CVar settings from Section [Startup] File [../../../Engine/Config/ConsoleVariables.ini]
[2020.10.29-05.57.53:160][  0]LogConfig: Setting CVar [[net.UseAdaptiveNetUpdateFrequency:0]]
[2020.10.29-05.57.53:160][  0]LogConfig: Setting CVar [[p.chaos.AllowCreatePhysxBodies:1]]
[2020.10.29-05.57.53:160][  0]LogConfig: Setting CVar [[fx.SkipVectorVMBackendOptimizations:1]]
[2020.10.29-05.57.53:160][  0]LogConfig: Applying CVar settings from Section [ConsoleVariables] File [C:/Users/Warner/Desktop/170Proto/Proto01/Saved/Config/Windows/Engine.ini]
[2020.10.29-05.57.53:161][  0]LogInit: Computer: WARNERDEV
[2020.10.29-05.57.53:161][  0]LogInit: User: Warner
[2020.10.29-05.57.53:161][  0]LogInit: CPU Page size=4096, Cores=4
[2020.10.29-05.57.53:161][  0]LogInit: High frequency timer resolution =10.000000 MHz
[2020.10.29-05.57.53:161][  0]LogMemory: Memory total: Physical=15.9GB (16GB approx)
[2020.10.29-05.57.53:161][  0]LogMemory: Platform Memory Stats for Windows
[2020.10.29-05.57.53:161][  0]LogMemory: Process Physical Memory: 114.31 MB used, 114.31 MB peak
[2020.10.29-05.57.53:161][  0]LogMemory: Process Virtual Memory: 96.00 MB used, 96.00 MB peak
[2020.10.29-05.57.53:161][  0]LogMemory: Physical Memory: 5359.16 MB used,  10909.90 MB free, 16269.06 MB total
[2020.10.29-05.57.53:161][  0]LogMemory: Virtual Memory: 5143.11 MB used,  134212584.00 MB free, 134217728.00 MB total
[2020.10.29-05.57.53:168][  0]LogWindows: WindowsPlatformFeatures enabled
[2020.10.29-05.57.53:209][  0]LogInit: Physics initialised using underlying interface: PhysX
[2020.10.29-05.57.53:210][  0]LogInit: Using OS detected language (en-US).
[2020.10.29-05.57.53:210][  0]LogInit: Using OS detected locale (en-US).
[2020.10.29-05.57.53:217][  0]LogTextLocalizationManager: No specific localization for 'en-US' exists, so the 'en' localization will be used.
[2020.10.29-05.57.53:459][  0]LogInit: Setting process to per monitor DPI aware
[2020.10.29-05.57.53:502][  0]LogSlate: New Slate User Created.  User Index 0, Is Virtual User: 0
[2020.10.29-05.57.53:502][  0]LogSlate: Slate User Registered.  User Index 0, Is Virtual User: 0
[2020.10.29-05.57.53:760][  0]LogHMD: Failed to initialize OpenVR with code 110
[2020.10.29-05.57.53:760][  0]LogD3D11RHI: D3D11 min allowed feature level: 11_0
[2020.10.29-05.57.53:760][  0]LogD3D11RHI: D3D11 max allowed feature level: 11_0
[2020.10.29-05.57.53:760][  0]LogD3D11RHI: D3D11 adapters:
[2020.10.29-05.57.53:883][  0]LogD3D11RHI:    0. 'NVIDIA GeForce GTX 770M' (Feature Level 11_0)
[2020.10.29-05.57.53:884][  0]LogD3D11RHI:       3039/0/8134 MB DedicatedVideo/DedicatedSystem/SharedSystem, Outputs:1, VendorId:0x10de
[2020.10.29-05.57.53:891][  0]LogD3D11RHI:    1. 'Intel(R) HD Graphics 4600' (Feature Level 11_0)
[2020.10.29-05.57.53:891][  0]LogD3D11RHI:       112/0/2048 MB DedicatedVideo/DedicatedSystem/SharedSystem, Outputs:0, VendorId:0x8086
[2020.10.29-05.57.53:893][  0]LogD3D11RHI:    2. 'Microsoft Basic Render Driver' (Feature Level 11_0)
[2020.10.29-05.57.53:893][  0]LogD3D11RHI:       0/0/8134 MB DedicatedVideo/DedicatedSystem/SharedSystem, Outputs:0, VendorId:0x1414
[2020.10.29-05.57.53:893][  0]LogD3D11RHI: Chosen D3D11 Adapter: 0
[2020.10.29-05.57.53:925][  0]LogD3D11RHI: Creating new Direct3DDevice
[2020.10.29-05.57.53:925][  0]LogD3D11RHI:     GPU DeviceId: 0x11e0 (for the marketing name, search the web for "GPU Device Id")
[2020.10.29-05.57.53:925][  0]LogWindows: EnumDisplayDevices:
[2020.10.29-05.57.53:925][  0]LogWindows:    0. 'Intel(R) HD Graphics 4600' (P:1 D:1)
[2020.10.29-05.57.53:925][  0]LogWindows:    1. 'Intel(R) HD Graphics 4600' (P:0 D:0)
[2020.10.29-05.57.53:926][  0]LogWindows:    2. 'Intel(R) HD Graphics 4600' (P:0 D:0)
[2020.10.29-05.57.53:926][  0]LogWindows:    3. 'NVIDIA GeForce GTX 770M' (P:0 D:0)
[2020.10.29-05.57.53:926][  0]LogWindows:    4. 'NVIDIA GeForce GTX 770M' (P:0 D:0)
[2020.10.29-05.57.53:927][  0]LogWindows:    5. 'NVIDIA GeForce GTX 770M' (P:0 D:0)
[2020.10.29-05.57.53:927][  0]LogWindows:    6. 'NVIDIA GeForce GTX 770M' (P:0 D:0)
[2020.10.29-05.57.53:927][  0]LogWindows: DebugString: PrimaryIsNotTheChoosenAdapter PrimaryIsNotTheChoosenAdapter PrimaryIsNotTheChoosenAdapter FoundDriverCount:4 
[2020.10.29-05.57.53:927][  0]LogD3D11RHI:     Adapter Name: NVIDIA GeForce GTX 770M
[2020.10.29-05.57.53:927][  0]LogD3D11RHI:   Driver Version: 368.71 (internal:10.18.13.6871, unified:368.71)
[2020.10.29-05.57.53:927][  0]LogD3D11RHI:      Driver Date: 6-29-2016
[2020.10.29-05.57.53:927][  0]LogRHI: Texture pool is 2127 MB (70% of 3039 MB)
[2020.10.29-05.57.53:949][  0]LogD3D11RHI: RHI does not have support for 64 bit atomics
[2020.10.29-05.57.53:954][  0]LogD3D11RHI: [Aftermath] Failed to initialize. Result=bad0000c
[2020.10.29-05.57.53:954][  0]LogD3D11RHI: Async texture creation enabled
[2020.10.29-05.57.53:977][  0]LogD3D11RHI: GPU Timing Frequency: 1000.000000 (Debug: 2 2)
[2020.10.29-05.57.54:300][  0]LogTargetPlatformManager: Display: Loaded TargetPlatform 'AllDesktop'
[2020.10.29-05.57.54:324][  0]LogTargetPlatformManager: Display: Loaded TargetPlatform 'Android'
[2020.10.29-05.57.54:324][  0]LogTargetPlatformManager: Display: Loaded TargetPlatform 'Android_ASTC'
[2020.10.29-05.57.54:324][  0]LogTargetPlatformManager: Display: Loaded TargetPlatform 'Android_DXT'
[2020.10.29-05.57.54:324][  0]LogTargetPlatformManager: Display: Loaded TargetPlatform 'Android_ETC2'
[2020.10.29-05.57.54:324][  0]LogTargetPlatformManager: Display: Loaded TargetPlatform 'AndroidClient'
[2020.10.29-05.57.54:324][  0]LogTargetPlatformManager: Display: Loaded TargetPlatform 'Android_ASTCClient'
[2020.10.29-05.57.54:324][  0]LogTargetPlatformManager: Display: Loaded TargetPlatform 'Android_DXTClient'
[2020.10.29-05.57.54:324][  0]LogTargetPlatformManager: Display: Loaded TargetPlatform 'Android_ETC2Client'
[2020.10.29-05.57.54:324][  0]LogTargetPlatformManager: Display: Loaded TargetPlatform 'Android_Multi'
[2020.10.29-05.57.54:324][  0]LogTargetPlatformManager: Display: Loaded TargetPlatform 'Android_MultiClient'
[2020.10.29-05.57.54:350][  0]LogTargetPlatformManager: Display: Loaded TargetPlatform 'IOSClient'
[2020.10.29-05.57.54:350][  0]LogTargetPlatformManager: Display: Loaded TargetPlatform 'IOS'
[2020.10.29-05.57.54:361][  0]LogTargetPlatformManager: Display: Loaded TargetPlatform 'Linux'
[2020.10.29-05.57.54:371][  0]LogTargetPlatformManager: Display: Loaded TargetPlatform 'LinuxNoEditor'
[2020.10.29-05.57.54:382][  0]LogTargetPlatformManager: Display: Loaded TargetPlatform 'LinuxClient'
[2020.10.29-05.57.54:392][  0]LogTargetPlatformManager: Display: Loaded TargetPlatform 'LinuxServer'
[2020.10.29-05.57.54:402][  0]LogTargetPlatformManager: Display: Loaded TargetPlatform 'LinuxAArch64NoEditor'
[2020.10.29-05.57.54:413][  0]LogTargetPlatformManager: Display: Loaded TargetPlatform 'LinuxAArch64Client'
[2020.10.29-05.57.54:423][  0]LogTargetPlatformManager: Display: Loaded TargetPlatform 'LinuxAArch64Server'
[2020.10.29-05.57.54:456][  0]LogTargetPlatformManager: Display: Loaded TargetPlatform 'Lumin'
[2020.10.29-05.57.54:456][  0]LogTargetPlatformManager: Display: Loaded TargetPlatform 'LuminClient'
[2020.10.29-05.57.54:474][  0]LogTargetPlatformManager: Display: Loaded TargetPlatform 'TVOSClient'
[2020.10.29-05.57.54:474][  0]LogTargetPlatformManager: Display: Loaded TargetPlatform 'TVOS'
[2020.10.29-05.57.54:485][  0]LogTargetPlatformManager: Display: Loaded TargetPlatform 'WindowsNoEditor'
[2020.10.29-05.57.54:496][  0]LogTargetPlatformManager: Display: Loaded TargetPlatform 'Windows'
[2020.10.29-05.57.54:506][  0]LogTargetPlatformManager: Display: Loaded TargetPlatform 'WindowsClient'
[2020.10.29-05.57.54:516][  0]LogTargetPlatformManager: Display: Loaded TargetPlatform 'WindowsServer'
[2020.10.29-05.57.54:516][  0]LogTargetPlatformManager: Display: Building Assets For Windows
[2020.10.29-05.57.54:524][  0]LogAudioDebug: Display: Lib vorbis DLL was dynamically loaded.
[2020.10.29-05.57.54:586][  0]LogShaderCompilers: Guid format shader working directory is -8 characters bigger than the processId version (../../../../../../Users/Warner/Desktop/170Proto/Proto01/Intermediate/Shaders/WorkingDirectory/2328/).
[2020.10.29-05.57.54:587][  0]LogShaderCompilers: Cleaned the shader compiler working directory 'C:/Users/Warner/AppData/Local/Temp/UnrealShaderWorkingDir/D6A7E1FF4A346F30B13C2DB4A0BEEE48/'.
[2020.10.29-05.57.54:587][  0]LogXGEController: Cannot use XGE Controller as Incredibuild is not installed on this machine.
[2020.10.29-05.57.54:587][  0]LogShaderCompilers: Cannot use XGE Shader Compiler as Incredibuild is not installed on this machine.
[2020.10.29-05.57.54:587][  0]LogShaderCompilers: Display: Using Local Shader Compiler.
[2020.10.29-05.57.55:542][  0]LogDerivedDataCache: Display: Max Cache Size: 512 MB
[2020.10.29-05.57.55:607][  0]LogDerivedDataCache: Loaded boot cache 0.06s 79MB C:/Users/Warner/AppData/Local/UnrealEngine/4.25/DerivedDataCache/Boot.ddc.
[2020.10.29-05.57.55:607][  0]LogDerivedDataCache: Display: Loaded Boot cache: C:/Users/Warner/AppData/Local/UnrealEngine/4.25/DerivedDataCache/Boot.ddc
[2020.10.29-05.57.55:607][  0]LogDerivedDataCache: FDerivedDataBackendGraph:  Pak pak cache file ../../../../../../Users/Warner/Desktop/170Proto/Proto01/DerivedDataCache/DDC.ddp not found, will not use a pak cache.
[2020.10.29-05.57.55:607][  0]LogDerivedDataCache: Unable to find inner node Pak for hierarchical cache Hierarchy.
[2020.10.29-05.57.55:608][  0]LogDerivedDataCache: FDerivedDataBackendGraph:  CompressedPak pak cache file ../../../../../../Users/Warner/Desktop/170Proto/Proto01/DerivedDataCache/Compressed.ddp not found, will not use a pak cache.
[2020.10.29-05.57.55:608][  0]LogDerivedDataCache: Unable to find inner node CompressedPak for hierarchical cache Hierarchy.
[2020.10.29-05.57.55:620][  0]LogDerivedDataCache: Display: Pak cache opened for reading ../../../Engine/DerivedDataCache/Compressed.ddp.
[2020.10.29-05.57.55:620][  0]LogDerivedDataCache: FDerivedDataBackendGraph:  EnterprisePak pak cache file ../../../Enterprise/DerivedDataCache/Compressed.ddp not found, will not use a pak cache.
[2020.10.29-05.57.55:620][  0]LogDerivedDataCache: Unable to find inner node EnterprisePak for hierarchical cache Hierarchy.
[2020.10.29-05.57.55:621][  0]LogDerivedDataCache: Using Local data cache path C:/Users/Warner/AppData/Local/UnrealEngine/Common/DerivedDataCache: Writable
[2020.10.29-05.57.55:621][  0]LogDerivedDataCache: Shared data cache path not found in *engine.ini, will not use an Shared cache.
[2020.10.29-05.57.55:621][  0]LogDerivedDataCache: Unable to find inner node Shared for hierarchical cache Hierarchy.
[2020.10.29-05.57.55:689][  0]LogSlate: Using FreeType 2.10.0
[2020.10.29-05.57.55:690][  0]LogSlate: SlateFontServices - WITH_FREETYPE: 1, WITH_HARFBUZZ: 1
[2020.10.29-05.57.55:718][  0]LogAssetRegistry: FAssetRegistry took 0.0028 seconds to start up
[2020.10.29-05.57.56:073][  0]LogInit: Selected Device Profile: [Windows]
[2020.10.29-05.57.56:217][  0]LogMeshReduction: Using QuadricMeshReduction for automatic static mesh reduction
[2020.10.29-05.57.56:217][  0]LogMeshReduction: Using SimplygonMeshReduction for automatic skeletal mesh reduction
[2020.10.29-05.57.56:217][  0]LogMeshReduction: Using ProxyLODMeshReduction for automatic mesh merging
[2020.10.29-05.57.56:217][  0]LogMeshReduction: No distributed automatic mesh merging module available
[2020.10.29-05.57.56:217][  0]LogMeshMerging: No distributed automatic mesh merging module available
[2020.10.29-05.57.56:239][  0]LogNetVersion: Proto01 1.0.0, NetCL: 13144385, EngineNetVer: 14, GameNetVer: 0 (Checksum: 2830881591)
[2020.10.29-05.57.56:716][  0]LogAISub: UAISubsystem::UAISubsystem AISubsystem (00000158CA1D4340), frame # 0
[2020.10.29-05.57.56:716][  0]LogAISub: UAISubsystem::UAISubsystem AIPerceptionSystem (00000158CA116AC0), frame # 0
[2020.10.29-05.57.56:718][  0]LogAISub: UAISubsystem::UAISubsystem EnvQueryManager (00000158CA184A00), frame # 0
[2020.10.29-05.57.56:797][  0]LogPackageLocalizationCache: Processed 19 localized package path(s) for 1 prioritized culture(s) in 0.073501 seconds
[2020.10.29-05.57.56:803][  0]LogUObjectArray: 15917 objects as part of root set at end of initial load.
[2020.10.29-05.57.56:803][  0]LogUObjectAllocator: 3965568 out of 0 bytes used by permanent object pool.
[2020.10.29-05.57.56:803][  0]LogUObjectArray: CloseDisregardForGC: 0/0 objects in disregard for GC pool
[2020.10.29-05.57.57:179][  0]LogTcpMessaging: Initializing TcpMessaging bridge
[2020.10.29-05.57.57:184][  0]LogUdpMessaging: Initializing bridge on interface 0.0.0.0:0 to multicast group 230.0.0.1:6666.
[2020.10.29-05.58.01:298][  0]SourceControl: Source control is disabled
[2020.10.29-05.58.04:838][  0]LogAndroidPermission: UAndroidPermissionCallbackProxy::GetInstance
[2020.10.29-05.58.04:859][  0]LogAudioCaptureCore: Display: No Audio Capture implementations found. Audio input will be silent.
[2020.10.29-05.58.04:859][  0]LogAudioCaptureCore: Display: No Audio Capture implementations found. Audio input will be silent.
[2020.10.29-05.58.04:913][  0]LogOcInput: OculusInput pre-init called
[2020.10.29-05.58.04:925][  0]LogWindows: Failed to load 'OVRPlugin.dll' (GetLastError=126)
[2020.10.29-05.58.04:925][  0]LogWindows: File 'OVRPlugin.dll' does not exist
[2020.10.29-05.58.04:991][  0]LogEngine: Initializing Engine...
[2020.10.29-05.58.04:992][  0]LogHMD: Failed to initialize OpenVR with code 110
[2020.10.29-05.58.04:992][  0]LogMagicLeap: Warning: VR disabled because ZI is not enabled.  To enable, in the editor, Edit -> Project Settings -> Plugins -> Magic Leap Plugin -> Enable Zero Iteration
[2020.10.29-05.58.04:993][  0]LogStats: UGameplayTagsManager::InitializeManager -  0.000 s
[2020.10.29-05.58.05:122][  0]LogInit: Initializing FReadOnlyCVARCache
[2020.10.29-05.58.05:129][  0]LogAIModule: Creating AISystem for world Untitled
[2020.10.29-05.58.05:129][  0]LogAISub: UAISubsystem::UAISubsystem EnvQueryManager (00000158CD124800), frame # 0
[2020.10.29-05.58.05:129][  0]LogAISub: UAISubsystem::UAISubsystem AIPerceptionSystem (00000158CD0E3B00), frame # 0
[2020.10.29-05.58.05:207][  0]LogAudioMixer: Display: Audio Mixer Platform Settings:
[2020.10.29-05.58.05:207][  0]LogAudioMixer: Display: 	Sample Rate:						  48000
[2020.10.29-05.58.05:207][  0]LogAudioMixer: Display: 	Callback Buffer Frame Size Requested: 1024
[2020.10.29-05.58.05:207][  0]LogAudioMixer: Display: 	Callback Buffer Frame Size To Use:	  1024
[2020.10.29-05.58.05:207][  0]LogAudioMixer: Display: 	Number of buffers to queue:			  2
[2020.10.29-05.58.05:207][  0]LogAudioMixer: Display: 	Max Channels (voices):				  32
[2020.10.29-05.58.05:207][  0]LogAudioMixer: Display: 	Number of Async Source Workers:		  0
[2020.10.29-05.58.05:207][  0]LogAudio: Display: AudioDevice MaxSources: 32
[2020.10.29-05.58.05:207][  0]LogAudio: Display: Using built-in audio occlusion.
[2020.10.29-05.58.05:207][  0]LogAudioMixer: Display: Initializing audio mixer.
[2020.10.29-05.58.05:219][  0]LogAudioMixer: Display: 0: FrontLeft
[2020.10.29-05.58.05:219][  0]LogAudioMixer: Display: 1: FrontRight
[2020.10.29-05.58.05:262][  0]LogAudioMixer: Display: Using Audio Device Speakers / Headphones (Realtek High Definition Audio)
[2020.10.29-05.58.05:262][  0]LogAudioMixer: Display: Initializing Sound Submixes...
[2020.10.29-05.58.05:265][  0]LogAudioMixer: Display: Creating Master Submix 'MasterSubmixDefault'
[2020.10.29-05.58.05:265][  0]LogAudioMixer: Display: Creating Master Submix 'MasterReverbSubmixDefault'
[2020.10.29-05.58.05:266][  0]LogAudioMixer: Display: Creating Master Submix 'MasterEQSubmixDefault'
[2020.10.29-05.58.05:267][  0]LogInit: FAudioDevice initialized.
[2020.10.29-05.58.05:267][  0]LogNetVersion: Set ProjectVersion to 1.0.0.0. Version Checksum will be recalculated on next use.
[2020.10.29-05.58.05:657][  0]LogDerivedDataCache: Saved boot cache 0.39s 79MB C:/Users/Warner/AppData/Local/UnrealEngine/4.25/DerivedDataCache/Boot.ddc.
[2020.10.29-05.58.05:673][  0]LogInit: Texture streaming: Enabled
[2020.10.29-05.58.05:712][  0]LogEngineSessionManager: EngineSessionManager initialized
[2020.10.29-05.58.05:712][  0]LogEditorSessionSummary: Verbose: Initializing EditorSessionSummaryWriter for editor session tracking
[2020.10.29-05.58.05:714][  0]LogEditorSessionSummary: EditorSessionSummaryWriter initialized
[2020.10.29-05.58.05:810][  0]LogInit: Transaction tracking system initialized
[2020.10.29-05.58.05:839][  0]BlueprintLog: New page: Editor Load
[2020.10.29-05.58.05:912][  0]LocalizationService: Localization service is disabled
[2020.10.29-05.58.06:092][  0]LogCook: Display: Max memory allowance for cook 16384mb min free memory 0mb
[2020.10.29-05.58.06:092][  0]LogCook: Display: Mobile HDR setting 1
[2020.10.29-05.58.06:247][  0]LogFileCache: Scanning file cache for directory 'C:/Users/Warner/Desktop/170Proto/Proto01/Content/' took 0.01s
[2020.10.29-05.58.06:511][  0]LogUnrealEdMisc: Loading editor; pre map load, took 15.351
[2020.10.29-05.58.06:512][  0]Cmd: MAP LOAD FILE="../../../../../../Users/Warner/Desktop/170Proto/Proto01/Content/StarterContent/Maps/roadProto.umap" TEMPLATE=0 SHOWPROGRESS=1 FEATURELEVEL=3
[2020.10.29-05.58.06:519][  0]LightingResults: New page: Lighting Build
[2020.10.29-05.58.06:521][  0]LogWorld: UWorld::CleanupWorld for Untitled, bSessionEnded=true, bCleanupResources=true
[2020.10.29-05.58.06:521][  0]LogSlate: InvalidateAllWidgets triggered.  All widgets were invalidated
[2020.10.29-05.58.06:521][  0]MapCheck: New page: Map Check
[2020.10.29-05.58.06:521][  0]LightingResults: New page: Lighting Build
[2020.10.29-05.58.06:545][  0]LogAISub: UAISubsystem::~UAISubsystem EnvQueryManager (00000158CD124800), frame # 0
[2020.10.29-05.58.06:545][  0]LogAISub: UAISubsystem::~UAISubsystem AIPerceptionSystem (00000158CD0E3B00), frame # 0
[2020.10.29-05.58.06:547][  0]LogUObjectHash: Compacting FUObjectHashTables data took   0.97ms
[2020.10.29-05.58.36:008][  0]LogAIModule: Creating AISystem for world roadProto
[2020.10.29-05.58.36:008][  0]LogAISub: UAISubsystem::UAISubsystem EnvQueryManager (00000158C0E5D000), frame # 0
[2020.10.29-05.58.36:008][  0]LogAISub: UAISubsystem::UAISubsystem AIPerceptionSystem (00000158C0E9BB00), frame # 0
[2020.10.29-05.58.36:328][  0]LogEditorServer: Finished looking for orphan Actors (0.000 secs)
[2020.10.29-05.58.36:375][  0]LogUObjectHash: Compacting FUObjectHashTables data took   0.98ms
[2020.10.29-05.58.36:375][  0]Cmd: MAP CHECKDEP NOCLEARLOG
[2020.10.29-05.58.36:376][  0]MapCheck: Map check complete: 0 Error(s), 0 Warning(s), took 0.23ms to complete.
[2020.10.29-05.58.36:376][  0]LogFileHelpers: Loading map 'roadProto' took 29.865
[2020.10.29-05.58.36:378][  0]LogUnrealEdMisc: Total Editor Startup Time, took 45.218
[2020.10.29-05.58.36:623][  0]LogSlate: Updating window title bar state: overlay mode, drag disabled, window buttons hidden, title bar hidden
[2020.10.29-05.58.36:632][  0]LogSlate: Updating window title bar state: overlay mode, drag disabled, window buttons hidden, title bar hidden
[2020.10.29-05.58.36:640][  0]LogSlate: Updating window title bar state: overlay mode, drag disabled, window buttons hidden, title bar hidden
[2020.10.29-05.58.36:648][  0]LogSlate: Updating window title bar state: overlay mode, drag disabled, window buttons hidden, title bar hidden
[2020.10.29-05.58.36:664][  0]LogCollectionManager: Loaded 0 collections in 0.003820 seconds
[2020.10.29-05.58.36:681][  0]LogFileCache: Scanning file cache for directory 'C:/Users/Warner/Desktop/170Proto/Proto01/Saved/Collections/' took 0.00s
[2020.10.29-05.58.36:681][  0]LogFileCache: Scanning file cache for directory 'C:/Users/Warner/Desktop/170Proto/Proto01/Content/Developers/Warner/Collections/' took 0.00s
[2020.10.29-05.58.36:681][  0]LogFileCache: Scanning file cache for directory 'C:/Users/Warner/Desktop/170Proto/Proto01/Content/Collections/' took 0.00s
[2020.10.29-05.58.36:681][  0]LogContentBrowser: Native class hierarchy populated in 0.0113 seconds. Added 3431 classes and 823 folders.
[2020.10.29-05.58.36:685][  0]LogContentBrowser: Native class hierarchy updated for 'WidgetCarousel' in 0.0005 seconds. Added 0 classes and 0 folders.
[2020.10.29-05.58.39:786][  0]LogContentBrowser: Native class hierarchy updated for 'AddContentDialog' in 0.0014 seconds. Added 0 classes and 0 folders.
[2020.10.29-05.58.39:789][  0]LogContentBrowser: Native class hierarchy updated for 'SceneOutliner' in 0.0015 seconds. Added 2 classes and 0 folders.
[2020.10.29-05.58.39:996][  0]LogSlate: Took 0.000228 seconds to synchronously load lazily loaded font '../../../Engine/Content/Slate/Fonts/Roboto-Regular.ttf' (155K)
[2020.10.29-05.58.39:998][  0]LogSlate: Took 0.000135 seconds to synchronously load lazily loaded font '../../../Engine/Content/Slate/Fonts/Roboto-Bold.ttf' (160K)
[2020.10.29-05.58.40:148][  0]LogSlate: Took 0.143143 seconds to synchronously load lazily loaded font '../../../Engine/Content/Editor/Slate/Fonts/FontAwesome.ttf' (139K)
[2020.10.29-05.58.40:505][  0]LogRenderer: Reallocating scene render targets to support 1288x624 Format 10 NumSamples 1 (Frame:1).
[2020.10.29-05.58.40:696][  0]LogContentBrowser: Native class hierarchy updated for 'HierarchicalLODOutliner' in 0.0006 seconds. Added 0 classes and 0 folders.
[2020.10.29-05.58.40:696][  0]LogLoad: (Engine Initialization) Total time: 49.54 seconds
[2020.10.29-05.58.40:696][  0]LogLoad: (Engine Initialization) Total Blueprint compile time: 0.00 seconds
[2020.10.29-05.58.40:910][  0]LogContentStreaming: Texture pool size now 1000 MB
[2020.10.29-05.58.42:049][ 35]LogSlate: Took 0.007571 seconds to synchronously load lazily loaded font '../../../Engine/Content/Slate/Fonts/Roboto-Light.ttf' (167K)
[2020.10.29-05.58.48:949][569]LogSlate: Took 0.000187 seconds to synchronously load lazily loaded font '../../../Engine/Content/Slate/Fonts/Roboto-Light.ttf' (167K)
[2020.10.29-05.58.58:180][251]LogAssetRegistry: Asset discovery search completed in 62.4623 seconds
[2020.10.29-05.58.58:184][251]LogCollectionManager: Fixed up redirectors for 0 collections in 0.000003 seconds (updated 0 objects)
[2020.10.29-05.59.24:362][531]LogFactory: FactoryCreateFile: StaticMesh with FbxFactory (0 0 C:\Users\Warner\Downloads\gun.fbx)
[2020.10.29-05.59.24:712][531]LogFbx: Loading FBX Scene from C:\Users\Warner\Downloads\gun.fbx
[2020.10.29-05.59.24:783][531]LogFbx: FBX Scene Loaded Succesfully
[2020.10.29-05.59.29:718][531]LogSlate: Window 'FBX Import Options' being destroyed
[2020.10.29-05.59.30:385][531]LogFbx: Display: Triangulating static mesh Cube.003
[2020.10.29-05.59.30:635][531]LogStaticMesh: Building static mesh gun...
[2020.10.29-05.59.30:640][531]LogStaticMesh: Built static mesh [0.01s] /Game/StarterContent/Props/gun.gun
[2020.10.29-05.59.30:641][531]LogStaticMesh: Warning: gun has degenerate tangent bases which will result in incorrect shading.  MikkTSpace relies on tangent bases and may result in mesh corruption, consider disabling this option.
[2020.10.29-05.59.30:641][531]LogStaticMesh: Warning: gun has some nearly zero bi-normals which can create some issues. (Tolerance of 1E-4)
[2020.10.29-05.59.30:650][531]FBXImport: Warning: No smoothing group information was found in this FBX scene.  Please make sure to enable the 'Export Smoothing Groups' option in the FBX Exporter plug-in before exporting the file.  Even for tools that don't support smoothing groups, the FBX Exporter will generate appropriate smoothing data at export-time so that correct vertex normals can be inferred while importing. 
[2020.10.29-05.59.30:650][531]FBXImport: Warning: gun has degenerate tangent bases which will result in incorrect shading.  MikkTSpace relies on tangent bases and may result in mesh corruption, consider disabling this option. 
[2020.10.29-05.59.30:650][531]FBXImport: Warning: gun has some nearly zero bi-normals which can create some issues. (Tolerance of 1E-4) 
[2020.10.29-05.59.31:040][531]LogSlate: Took 0.026854 seconds to synchronously load lazily loaded font '../../../Engine/Content/Slate/Fonts/DroidSansMono.ttf' (77K)
[2020.10.29-05.59.34:670][650]LogAssetEditorSubsystem: Opening Asset editor for StaticMesh /Game/StarterContent/Props/gun.gun
[2020.10.29-05.59.37:156][650]LogWorld: UWorld::CleanupWorld for World_2, bSessionEnded=true, bCleanupResources=true
[2020.10.29-05.59.37:156][650]LogSlate: InvalidateAllWidgets triggered.  All widgets were invalidated
[2020.10.29-05.59.37:786][651]LogRenderer: Reallocating scene render targets to support 1288x784 Format 10 NumSamples 1 (Frame:1).
[2020.10.29-06.01.41:485][683]Cmd: OBJ SAVEPACKAGE PACKAGE="/Game/StarterContent/Props/gun" FILE="../../../../../../Users/Warner/Desktop/170Proto/Proto01/Content/StarterContent/Props/gun.uasset" SILENT=true
[2020.10.29-06.01.41:501][683]LogSavePackage: Moving '../../../../../../Users/Warner/Desktop/170Proto/Proto01/Saved/gun4B65EB3F4ADFFCAF9206B0B2B77071DC.tmp' to '../../../../../../Users/Warner/Desktop/170Proto/Proto01/Content/StarterContent/Props/gun.uasset'
[2020.10.29-06.01.41:796][683]AssetCheck: New page: Asset Save: gun
[2020.10.29-06.01.41:796][683]LogContentValidation: Display: Validating StaticMesh /Game/StarterContent/Props/gun.gun
[2020.10.29-06.01.58:722][505]Cmd: OBJ SAVEPACKAGE PACKAGE="/Game/StarterContent/Props/gun" FILE="../../../../../../Users/Warner/Desktop/170Proto/Proto01/Content/StarterContent/Props/gun.uasset" SILENT=true
[2020.10.29-06.01.58:754][505]LogSavePackage: Moving '../../../../../../Users/Warner/Desktop/170Proto/Proto01/Saved/gunD8A4106F46E36D2A0DA2268325E68B47.tmp' to '../../../../../../Users/Warner/Desktop/170Proto/Proto01/Content/StarterContent/Props/gun.uasset'
[2020.10.29-06.01.58:766][505]AssetCheck: New page: Asset Save: gun
[2020.10.29-06.01.58:766][505]LogContentValidation: Display: Validating StaticMesh /Game/StarterContent/Props/gun.gun
[2020.10.29-06.01.59:952][564]LogSlate: Window 'gun' being destroyed
[2020.10.29-06.01.59:957][564]LogSlate: Window 'gun' being destroyed
[2020.10.29-06.01.59:986][564]LogWorld: UWorld::CleanupWorld for World_3, bSessionEnded=true, bCleanupResources=true
[2020.10.29-06.01.59:986][564]LogSlate: InvalidateAllWidgets triggered.  All widgets were invalidated
[2020.10.29-06.02.03:619][768]LogSlate: Window 'Message Log' being destroyed
[2020.10.29-06.02.03:625][768]LogSlate: Window 'Message Log' being destroyed
[2020.10.29-06.02.07:663][975]LogUObjectHash: Compacting FUObjectHashTables data took   1.14ms
[2020.10.29-06.02.07:767][975]LogSavePackage: Moving '../../../../../../Users/Warner/Desktop/170Proto/Proto01/Saved/roadProtoECDB31F04B0993C7353F4BB685C29484.tmp' to '../../../../../../Users/Warner/Desktop/170Proto/Proto01/Content/StarterContent/Maps/roadProto.umap'
[2020.10.29-06.02.07:913][975]AssetCheck: New page: Asset Save: roadProto
[2020.10.29-06.02.07:913][975]LogContentValidation: Display: Validating World /Game/StarterContent/Maps/roadProto.roadProto
[2020.10.29-06.02.10:471][167]LogUObjectHash: Compacting FUObjectHashTables data took   0.77ms
[2020.10.29-06.02.10:548][167]LogSavePackage: Moving '../../../../../../Users/Warner/Desktop/170Proto/Proto01/Saved/roadProto8897EC79487DE2D92062C0B119AB70B3.tmp' to '../../../../../../Users/Warner/Desktop/170Proto/Proto01/Content/StarterContent/Maps/roadProto.umap'
[2020.10.29-06.02.10:712][167]AssetCheck: New page: Asset Save: roadProto
[2020.10.29-06.02.10:713][167]LogContentValidation: Display: Validating World /Game/StarterContent/Maps/roadProto.roadProto
[2020.10.29-06.02.20:695][139]LogUObjectHash: Compacting FUObjectHashTables data took   0.87ms
[2020.10.29-06.02.20:790][139]LogSavePackage: Moving '../../../../../../Users/Warner/Desktop/170Proto/Proto01/Saved/roadProtoDE5F2BB949A91AA69C9EEEA1D313599B.tmp' to '../../../../../../Users/Warner/Desktop/170Proto/Proto01/Content/StarterContent/Maps/roadProto.umap'
[2020.10.29-06.02.20:939][139]AssetCheck: New page: Asset Save: roadProto
[2020.10.29-06.02.20:939][139]LogContentValidation: Display: Validating World /Game/StarterContent/Maps/roadProto.roadProto
[2020.10.29-06.02.31:430][637]LogAssetEditorSubsystem: Opening Asset editor for World /Game/StarterContent/Maps/StarterMap.StarterMap
[2020.10.29-06.02.31:486][637]LogUObjectHash: Compacting FUObjectHashTables data took   1.14ms
[2020.10.29-06.02.31:489][637]Cmd: MAP LOAD FILE="../../../../../../Users/Warner/Desktop/170Proto/Proto01/Content/StarterContent/Maps/StarterMap.umap" TEMPLATE=0 SHOWPROGRESS=1 FEATURELEVEL=3
[2020.10.29-06.02.31:489][637]LightingResults: New page: Lighting Build
[2020.10.29-06.02.31:489][637]LoadErrors: New page: Loading map: StarterMap.umap
[2020.10.29-06.02.31:495][637]LogWorld: UWorld::CleanupWorld for roadProto, bSessionEnded=true, bCleanupResources=true
[2020.10.29-06.02.31:495][637]LogSlate: InvalidateAllWidgets triggered.  All widgets were invalidated
[2020.10.29-06.02.31:495][637]MapCheck: New page: Map Check
[2020.10.29-06.02.31:495][637]LightingResults: New page: Lighting Build
[2020.10.29-06.02.31:510][637]LogAISub: UAISubsystem::~UAISubsystem EnvQueryManager (00000158C0E5D000), frame # 11637
[2020.10.29-06.02.31:510][637]LogAISub: UAISubsystem::~UAISubsystem AIPerceptionSystem (00000158C0E9BB00), frame # 11637
[2020.10.29-06.02.31:512][637]LogUObjectHash: Compacting FUObjectHashTables data took   1.31ms
[2020.10.29-06.02.31:527][637]LogEditorServer: Finished looking for orphan Actors (0.000 secs)
[2020.10.29-06.02.31:527][637]LogAIModule: Creating AISystem for world StarterMap
[2020.10.29-06.02.31:527][637]LogAISub: UAISubsystem::UAISubsystem EnvQueryManager (00000158C0E5CE00), frame # 11637
[2020.10.29-06.02.31:527][637]LogAISub: UAISubsystem::UAISubsystem AIPerceptionSystem (00000158B8334B80), frame # 11637
[2020.10.29-06.02.31:543][637]LogUObjectHash: Compacting FUObjectHashTables data took   1.09ms
[2020.10.29-06.02.31:579][637]Cmd: MAP CHECKDEP NOCLEARLOG
[2020.10.29-06.02.31:581][637]MapCheck: Map check complete: 0 Error(s), 0 Warning(s), took 1.597ms to complete.
[2020.10.29-06.02.31:581][637]LogFileHelpers: Loading map 'StarterMap' took 0.092
[2020.10.29-06.02.33:599][683]LogAssetEditorSubsystem: Opening Asset editor for World /Game/StarterContent/Maps/roadProto.roadProto
[2020.10.29-06.02.33:610][683]LogUObjectHash: Compacting FUObjectHashTables data took   0.86ms
[2020.10.29-06.02.33:614][683]Cmd: MAP LOAD FILE="../../../../../../Users/Warner/Desktop/170Proto/Proto01/Content/StarterContent/Maps/roadProto.umap" TEMPLATE=0 SHOWPROGRESS=1 FEATURELEVEL=3
[2020.10.29-06.02.33:614][683]LightingResults: New page: Lighting Build
[2020.10.29-06.02.33:614][683]LoadErrors: New page: Loading map: roadProto.umap
[2020.10.29-06.02.33:639][683]LogWorld: UWorld::CleanupWorld for StarterMap, bSessionEnded=true, bCleanupResources=true
[2020.10.29-06.02.33:639][683]LogSlate: InvalidateAllWidgets triggered.  All widgets were invalidated
[2020.10.29-06.02.33:639][683]MapCheck: New page: Map Check
[2020.10.29-06.02.33:639][683]LightingResults: New page: Lighting Build
[2020.10.29-06.02.33:808][683]LogAISub: UAISubsystem::~UAISubsystem AIPerceptionSystem (00000158B8334B80), frame # 11683
[2020.10.29-06.02.33:808][683]LogAISub: UAISubsystem::~UAISubsystem EnvQueryManager (00000158C0E5CE00), frame # 11683
[2020.10.29-06.02.33:810][683]LogUObjectHash: Compacting FUObjectHashTables data took   1.18ms
[2020.10.29-06.02.33:823][683]LogEditorServer: Finished looking for orphan Actors (0.000 secs)
[2020.10.29-06.02.33:823][683]LogAIModule: Creating AISystem for world roadProto
[2020.10.29-06.02.33:824][683]LogAISub: UAISubsystem::UAISubsystem EnvQueryManager (00000158DF5B5200), frame # 11683
[2020.10.29-06.02.33:824][683]LogAISub: UAISubsystem::UAISubsystem AIPerceptionSystem (0000015901E93740), frame # 11683
[2020.10.29-06.02.33:838][683]LogUObjectHash: Compacting FUObjectHashTables data took   1.25ms
[2020.10.29-06.02.33:874][683]Cmd: MAP CHECKDEP NOCLEARLOG
[2020.10.29-06.02.33:875][683]MapCheck: Map check complete: 0 Error(s), 0 Warning(s), took 0.218ms to complete.
[2020.10.29-06.02.33:875][683]LogFileHelpers: Loading map 'roadProto' took 0.261
[2020.10.29-06.02.35:613][739]LogUObjectHash: Compacting FUObjectHashTables data took   0.32ms
[2020.10.29-06.02.35:690][739]LogSavePackage: Moving '../../../../../../Users/Warner/Desktop/170Proto/Proto01/Saved/roadProto59F6961A4E6891107CF4C09F92B1E721.tmp' to '../../../../../../Users/Warner/Desktop/170Proto/Proto01/Content/StarterContent/Maps/roadProto.umap'
[2020.10.29-06.02.35:842][739]AssetCheck: New page: Asset Save: roadProto
[2020.10.29-06.02.35:842][739]LogContentValidation: Display: Validating World /Game/StarterContent/Maps/roadProto.roadProto
